BEGIN: Properties
	output_directory=/home/jeff/git/ForkingSimulator/output
	system_directory=/home/jeff/git/ForkingSimulator/resources/systems/java/ipscan
	repository_directory=/home/jeff/git/ForkingSimulator/resources/systems/java/JHotDraw54b1
	language=java
	numforks=5
	numfiles=0
	numdirs=10
	numfragments=0
	functionfragmentminsize=10
	functionfragmentmaxsize=100
	maxinjectnum=5
	injectionrepititionrate=50
	fragmentmutationrate=50
	filemutationrate=50
	dirmutationrate=50
	filerenamerate=50
	dirrenamerate=50
	maxfileedits=10
	maxfunctionedits=10
	mutationattempts=10
END: Properties
BEGIN: FileVariants
END: FileVariants
BEGIN: LeafDirectoryVariants
1 U 5 /home/jeff/git/ForkingSimulator/resources/systems/java/JHotDraw54b1/CH/ifa/draw/application
	0 O 1 /home/jeff/git/ForkingSimulator/output/0/src/net/azib/application
			 O O /home/jeff/git/ForkingSimulator/resources/systems/java/JHotDraw54b1/CH/ifa/draw/application/DrawApplication.java;/home/jeff/git/ForkingSimulator/output/0/src/net/azib/application/DrawApplication.java
	1 R 1 /home/jeff/git/ForkingSimulator/output/1/src/net/azib/flycDxO
			 R M mCC_BT 13 1 /home/jeff/git/ForkingSimulator/resources/systems/java/JHotDraw54b1/CH/ifa/draw/application/DrawApplication.java;/home/jeff/git/ForkingSimulator/output/1/src/net/azib/flycDxO/GAOLDiv.java
	2 O 1 /home/jeff/git/ForkingSimulator/output/2/src/net/azib/application
			 R M mCC_EOL 16 1 /home/jeff/git/ForkingSimulator/resources/systems/java/JHotDraw54b1/CH/ifa/draw/application/DrawApplication.java;/home/jeff/git/ForkingSimulator/output/2/src/net/azib/application/AlPYIETQR.java
	3 R 1 /home/jeff/git/ForkingSimulator/output/3/src/net/azib/Dx7PEDxPiU
			 R O /home/jeff/git/ForkingSimulator/resources/systems/java/JHotDraw54b1/CH/ifa/draw/application/DrawApplication.java;/home/jeff/git/ForkingSimulator/output/3/src/net/azib/Dx7PEDxPiU/rrqEE.java
	4 R 1 /home/jeff/git/ForkingSimulator/output/4/src/net/azib/wiIuI6hw
			 R M mCF_A 75 1 /home/jeff/git/ForkingSimulator/resources/systems/java/JHotDraw54b1/CH/ifa/draw/application/DrawApplication.java;/home/jeff/git/ForkingSimulator/output/4/src/net/azib/wiIuI6hw/BhU2F5.java
2 U 1 /home/jeff/git/ForkingSimulator/resources/systems/java/JHotDraw54b1/CH/ifa/draw/standard
	4 R 62 /home/jeff/git/ForkingSimulator/output/4/test/net/azib/ipscan/gui/feeders/klFyQzWTUvKmI
			 O O /home/jeff/git/ForkingSimulator/resources/systems/java/JHotDraw54b1/CH/ifa/draw/standard/DeleteFromDrawingVisitor.java;/home/jeff/git/ForkingSimulator/output/4/test/net/azib/ipscan/gui/feeders/klFyQzWTUvKmI/DeleteFromDrawingVisitor.java
			 R M mCF_R 25 1 /home/jeff/git/ForkingSimulator/resources/systems/java/JHotDraw54b1/CH/ifa/draw/standard/StandardDrawing.java;/home/jeff/git/ForkingSimulator/output/4/test/net/azib/ipscan/gui/feeders/klFyQzWTUvKmI/3ED81jT5C.java
			 O M mCW_A 6 1 /home/jeff/git/ForkingSimulator/resources/systems/java/JHotDraw54b1/CH/ifa/draw/standard/PeripheralLocator.java;/home/jeff/git/ForkingSimulator/output/4/test/net/azib/ipscan/gui/feeders/klFyQzWTUvKmI/PeripheralLocator.java
			 O M mCW_R 4 1 /home/jeff/git/ForkingSimulator/resources/systems/java/JHotDraw54b1/CH/ifa/draw/standard/FigureTransferCommand.java;/home/jeff/git/ForkingSimulator/output/4/test/net/azib/ipscan/gui/feeders/klFyQzWTUvKmI/FigureTransferCommand.java
			 R M mRL_N 3 2 /home/jeff/git/ForkingSimulator/resources/systems/java/JHotDraw54b1/CH/ifa/draw/standard/OrderedFigureElement.java;/home/jeff/git/ForkingSimulator/output/4/test/net/azib/ipscan/gui/feeders/klFyQzWTUvKmI/zWEN76sfAKmWj.java
			 O O /home/jeff/git/ForkingSimulator/resources/systems/java/JHotDraw54b1/CH/ifa/draw/standard/AbstractFigure.java;/home/jeff/git/ForkingSimulator/output/4/test/net/azib/ipscan/gui/feeders/klFyQzWTUvKmI/AbstractFigure.java
			 R M mSDL 3 3 /home/jeff/git/ForkingSimulator/resources/systems/java/JHotDraw54b1/CH/ifa/draw/standard/OffsetLocator.java;/home/jeff/git/ForkingSimulator/output/4/test/net/azib/ipscan/gui/feeders/klFyQzWTUvKmI/L8dDAmnAddGmK.java
			 O M mSRI 16 2 /home/jeff/git/ForkingSimulator/resources/systems/java/JHotDraw54b1/CH/ifa/draw/standard/ToolButton.java;/home/jeff/git/ForkingSimulator/output/4/test/net/azib/ipscan/gui/feeders/klFyQzWTUvKmI/ToolButton.java
			 O O /home/jeff/git/ForkingSimulator/resources/systems/java/JHotDraw54b1/CH/ifa/draw/standard/FastBufferedUpdateStrategy.java;/home/jeff/git/ForkingSimulator/output/4/test/net/azib/ipscan/gui/feeders/klFyQzWTUvKmI/FastBufferedUpdateStrategy.java
			 O M mARI 4 2 /home/jeff/git/ForkingSimulator/resources/systems/java/JHotDraw54b1/CH/ifa/draw/standard/AbstractConnector.java;/home/jeff/git/ForkingSimulator/output/4/test/net/azib/ipscan/gui/feeders/klFyQzWTUvKmI/AbstractConnector.java
			 O O /home/jeff/git/ForkingSimulator/resources/systems/java/JHotDraw54b1/CH/ifa/draw/standard/AlignCommand.java;/home/jeff/git/ForkingSimulator/output/4/test/net/azib/ipscan/gui/feeders/klFyQzWTUvKmI/AlignCommand.java
			 R M mDL 10 3 /home/jeff/git/ForkingSimulator/resources/systems/java/JHotDraw54b1/CH/ifa/draw/standard/SendToBackCommand.java;/home/jeff/git/ForkingSimulator/output/4/test/net/azib/ipscan/gui/feeders/klFyQzWTUvKmI/Uw5l4iWBgiV.java
			 R M mIL 1 3 /home/jeff/git/ForkingSimulator/resources/systems/java/JHotDraw54b1/CH/ifa/draw/standard/GridConstrainer.java;/home/jeff/git/ForkingSimulator/output/4/test/net/azib/ipscan/gui/feeders/klFyQzWTUvKmI/A9szioGF.java
			 O O /home/jeff/git/ForkingSimulator/resources/systems/java/JHotDraw54b1/CH/ifa/draw/standard/CutCommand.java;/home/jeff/git/ForkingSimulator/output/4/test/net/azib/ipscan/gui/feeders/klFyQzWTUvKmI/CutCommand.java
			 O M mML 1 3 /home/jeff/git/ForkingSimulator/resources/systems/java/JHotDraw54b1/CH/ifa/draw/standard/FigureAndEnumerator.java;/home/jeff/git/ForkingSimulator/output/4/test/net/azib/ipscan/gui/feeders/klFyQzWTUvKmI/FigureAndEnumerator.java
			 R O /home/jeff/git/ForkingSimulator/resources/systems/java/JHotDraw54b1/CH/ifa/draw/standard/NullDrawingView.java;/home/jeff/git/ForkingSimulator/output/4/test/net/azib/ipscan/gui/feeders/klFyQzWTUvKmI/6eAMCiZY.java
			 R O /home/jeff/git/ForkingSimulator/resources/systems/java/JHotDraw54b1/CH/ifa/draw/standard/TextHolder.java;/home/jeff/git/ForkingSimulator/output/4/test/net/azib/ipscan/gui/feeders/klFyQzWTUvKmI/1k2ubxCQ.java
			 O O /home/jeff/git/ForkingSimulator/resources/systems/java/JHotDraw54b1/CH/ifa/draw/standard/AbstractHandle.java;/home/jeff/git/ForkingSimulator/output/4/test/net/azib/ipscan/gui/feeders/klFyQzWTUvKmI/AbstractHandle.java
			 R M mSDL 1 3 /home/jeff/git/ForkingSimulator/resources/systems/java/JHotDraw54b1/CH/ifa/draw/standard/StandardFigureSelection.java;/home/jeff/git/ForkingSimulator/output/4/test/net/azib/ipscan/gui/feeders/klFyQzWTUvKmI/KKTaiMQqgIC.java
			 O M mSIL 1 3 /home/jeff/git/ForkingSimulator/resources/systems/java/JHotDraw54b1/CH/ifa/draw/standard/BringToFrontCommand.java;/home/jeff/git/ForkingSimulator/output/4/test/net/azib/ipscan/gui/feeders/klFyQzWTUvKmI/BringToFrontCommand.java
			 R O /home/jeff/git/ForkingSimulator/resources/systems/java/JHotDraw54b1/CH/ifa/draw/standard/QuadTree.java;/home/jeff/git/ForkingSimulator/output/4/test/net/azib/ipscan/gui/feeders/klFyQzWTUvKmI/LUyilQA.java
			 R O /home/jeff/git/ForkingSimulator/resources/systems/java/JHotDraw54b1/CH/ifa/draw/standard/DragTracker.java;/home/jeff/git/ForkingSimulator/output/4/test/net/azib/ipscan/gui/feeders/klFyQzWTUvKmI/ztyABGWR10Ol.java
			 R O /home/jeff/git/ForkingSimulator/resources/systems/java/JHotDraw54b1/CH/ifa/draw/standard/SimpleUpdateStrategy.java;/home/jeff/git/ForkingSimulator/output/4/test/net/azib/ipscan/gui/feeders/klFyQzWTUvKmI/bQW6DfHFFBQp.java
			 R M mCC_BT 1 1 /home/jeff/git/ForkingSimulator/resources/systems/java/JHotDraw54b1/CH/ifa/draw/standard/HandleAndEnumerator.java;/home/jeff/git/ForkingSimulator/output/4/test/net/azib/ipscan/gui/feeders/klFyQzWTUvKmI/BFApT4YM8J9.java
			 R O /home/jeff/git/ForkingSimulator/resources/systems/java/JHotDraw54b1/CH/ifa/draw/standard/ChangeAttributeCommand.java;/home/jeff/git/ForkingSimulator/output/4/test/net/azib/ipscan/gui/feeders/klFyQzWTUvKmI/aPFDeat.java
			 R O /home/jeff/git/ForkingSimulator/resources/systems/java/JHotDraw54b1/CH/ifa/draw/standard/ChangeConnectionEndHandle.java;/home/jeff/git/ForkingSimulator/output/4/test/net/azib/ipscan/gui/feeders/klFyQzWTUvKmI/87z7lCEiy.java
			 O M mCC_EOL 1 1 /home/jeff/git/ForkingSimulator/resources/systems/java/JHotDraw54b1/CH/ifa/draw/standard/DuplicateCommand.java;/home/jeff/git/ForkingSimulator/output/4/test/net/azib/ipscan/gui/feeders/klFyQzWTUvKmI/DuplicateCommand.java
			 R O /home/jeff/git/ForkingSimulator/resources/systems/java/JHotDraw54b1/CH/ifa/draw/standard/LocatorConnector.java;/home/jeff/git/ForkingSimulator/output/4/test/net/azib/ipscan/gui/feeders/klFyQzWTUvKmI/SUlFhhmFgdC3Z.java
			 O M mCF_A 5 1 /home/jeff/git/ForkingSimulator/resources/systems/java/JHotDraw54b1/CH/ifa/draw/standard/ToggleGridCommand.java;/home/jeff/git/ForkingSimulator/output/4/test/net/azib/ipscan/gui/feeders/klFyQzWTUvKmI/ToggleGridCommand.java
			 R M mCF_R 5 1 /home/jeff/git/ForkingSimulator/resources/systems/java/JHotDraw54b1/CH/ifa/draw/standard/AbstractCommand.java;/home/jeff/git/ForkingSimulator/output/4/test/net/azib/ipscan/gui/feeders/klFyQzWTUvKmI/UVm4OS6.java
			 R M mCW_A 9 1 /home/jeff/git/ForkingSimulator/resources/systems/java/JHotDraw54b1/CH/ifa/draw/standard/ChangeConnectionStartHandle.java;/home/jeff/git/ForkingSimulator/output/4/test/net/azib/ipscan/gui/feeders/klFyQzWTUvKmI/XsGTDpTNxEN.java
			 O O /home/jeff/git/ForkingSimulator/resources/systems/java/JHotDraw54b1/CH/ifa/draw/standard/LocatorHandle.java;/home/jeff/git/ForkingSimulator/output/4/test/net/azib/ipscan/gui/feeders/klFyQzWTUvKmI/LocatorHandle.java
			 R O /home/jeff/git/ForkingSimulator/resources/systems/java/JHotDraw54b1/CH/ifa/draw/standard/SelectAreaTracker.java;/home/jeff/git/ForkingSimulator/output/4/test/net/azib/ipscan/gui/feeders/klFyQzWTUvKmI/dQ9wKVIQil.java
			 R O /home/jeff/git/ForkingSimulator/resources/systems/java/JHotDraw54b1/CH/ifa/draw/standard/SelectionTool.java;/home/jeff/git/ForkingSimulator/output/4/test/net/azib/ipscan/gui/feeders/klFyQzWTUvKmI/mLeFluUg3jt8N.java
			 R O /home/jeff/git/ForkingSimulator/resources/systems/java/JHotDraw54b1/CH/ifa/draw/standard/RelativeLocator.java;/home/jeff/git/ForkingSimulator/output/4/test/net/azib/ipscan/gui/feeders/klFyQzWTUvKmI/vUFT9KqfQJ7.java
			 O M mCW_R 8 1 /home/jeff/git/ForkingSimulator/resources/systems/java/JHotDraw54b1/CH/ifa/draw/standard/FigureChangeEventMulticaster.java;/home/jeff/git/ForkingSimulator/output/4/test/net/azib/ipscan/gui/feeders/klFyQzWTUvKmI/FigureChangeEventMulticaster.java
			 O M mCW_R 2 1 /home/jeff/git/ForkingSimulator/resources/systems/java/JHotDraw54b1/CH/ifa/draw/standard/FigureChangeAdapter.java;/home/jeff/git/ForkingSimulator/output/4/test/net/azib/ipscan/gui/feeders/klFyQzWTUvKmI/FigureChangeAdapter.java
			 R O /home/jeff/git/ForkingSimulator/resources/systems/java/JHotDraw54b1/CH/ifa/draw/standard/SelectAllCommand.java;/home/jeff/git/ForkingSimulator/output/4/test/net/azib/ipscan/gui/feeders/klFyQzWTUvKmI/tf2mtE9s.java
			 O O /home/jeff/git/ForkingSimulator/resources/systems/java/JHotDraw54b1/CH/ifa/draw/standard/PasteCommand.java;/home/jeff/git/ForkingSimulator/output/4/test/net/azib/ipscan/gui/feeders/klFyQzWTUvKmI/PasteCommand.java
			 R O /home/jeff/git/ForkingSimulator/resources/systems/java/JHotDraw54b1/CH/ifa/draw/standard/ChopBoxConnector.java;/home/jeff/git/ForkingSimulator/output/4/test/net/azib/ipscan/gui/feeders/klFyQzWTUvKmI/gZH928dkih17Xeo.java
			 R M mSIL 2 3 /home/jeff/git/ForkingSimulator/resources/systems/java/JHotDraw54b1/CH/ifa/draw/standard/ActionTool.java;/home/jeff/git/ForkingSimulator/output/4/test/net/azib/ipscan/gui/feeders/klFyQzWTUvKmI/Fd2UEBvYB.java
			 R M mSRI 3 2 /home/jeff/git/ForkingSimulator/resources/systems/java/JHotDraw54b1/CH/ifa/draw/standard/InsertIntoDrawingVisitor.java;/home/jeff/git/ForkingSimulator/output/4/test/net/azib/ipscan/gui/feeders/klFyQzWTUvKmI/AZrlv.java
			 R M mARI 24 2 /home/jeff/git/ForkingSimulator/resources/systems/java/JHotDraw54b1/CH/ifa/draw/standard/ConnectionTool.java;/home/jeff/git/ForkingSimulator/output/4/test/net/azib/ipscan/gui/feeders/klFyQzWTUvKmI/gOLN1xVHOilIe.java
			 O M mDL 13 3 /home/jeff/git/ForkingSimulator/resources/systems/java/JHotDraw54b1/CH/ifa/draw/standard/DecoratorFigure.java;/home/jeff/git/ForkingSimulator/output/4/test/net/azib/ipscan/gui/feeders/klFyQzWTUvKmI/DecoratorFigure.java
			 R O /home/jeff/git/ForkingSimulator/resources/systems/java/JHotDraw54b1/CH/ifa/draw/standard/SingleFigureEnumerator.java;/home/jeff/git/ForkingSimulator/output/4/test/net/azib/ipscan/gui/feeders/klFyQzWTUvKmI/2Jt6I98.java
			 O M mIL 5 3 /home/jeff/git/ForkingSimulator/resources/systems/java/JHotDraw54b1/CH/ifa/draw/standard/HandleEnumerator.java;/home/jeff/git/ForkingSimulator/output/4/test/net/azib/ipscan/gui/feeders/klFyQzWTUvKmI/HandleEnumerator.java
			 O M mML 2 3 /home/jeff/git/ForkingSimulator/resources/systems/java/JHotDraw54b1/CH/ifa/draw/standard/CopyCommand.java;/home/jeff/git/ForkingSimulator/output/4/test/net/azib/ipscan/gui/feeders/klFyQzWTUvKmI/CopyCommand.java
			 O M mSDL 68 3 /home/jeff/git/ForkingSimulator/resources/systems/java/JHotDraw54b1/CH/ifa/draw/standard/CompositeFigure.java;/home/jeff/git/ForkingSimulator/output/4/test/net/azib/ipscan/gui/feeders/klFyQzWTUvKmI/CompositeFigure.java
			 R O /home/jeff/git/ForkingSimulator/resources/systems/java/JHotDraw54b1/CH/ifa/draw/standard/BoxHandleKit.java;/home/jeff/git/ForkingSimulator/output/4/test/net/azib/ipscan/gui/feeders/klFyQzWTUvKmI/Vgov2KgeHWwc.java
			 O M mSIL 1 3 /home/jeff/git/ForkingSimulator/resources/systems/java/JHotDraw54b1/CH/ifa/draw/standard/ReverseFigureEnumerator.java;/home/jeff/git/ForkingSimulator/output/4/test/net/azib/ipscan/gui/feeders/klFyQzWTUvKmI/ReverseFigureEnumerator.java
			 O O /home/jeff/git/ForkingSimulator/resources/systems/java/JHotDraw54b1/CH/ifa/draw/standard/AbstractTool.java;/home/jeff/git/ForkingSimulator/output/4/test/net/azib/ipscan/gui/feeders/klFyQzWTUvKmI/AbstractTool.java
			 O O /home/jeff/git/ForkingSimulator/resources/systems/java/JHotDraw54b1/CH/ifa/draw/standard/HandleTracker.java;/home/jeff/git/ForkingSimulator/output/4/test/net/azib/ipscan/gui/feeders/klFyQzWTUvKmI/HandleTracker.java
			 R M mCC_BT 77 1 /home/jeff/git/ForkingSimulator/resources/systems/java/JHotDraw54b1/CH/ifa/draw/standard/StandardDrawingView.java;/home/jeff/git/ForkingSimulator/output/4/test/net/azib/ipscan/gui/feeders/klFyQzWTUvKmI/wyqV28vWD.java
			 R M mCC_EOL 5 1 /home/jeff/git/ForkingSimulator/resources/systems/java/JHotDraw54b1/CH/ifa/draw/standard/FigureEnumerator.java;/home/jeff/git/ForkingSimulator/output/4/test/net/azib/ipscan/gui/feeders/klFyQzWTUvKmI/45px5OEQZCOI.java
			 O M mCF_A 4 1 /home/jeff/git/ForkingSimulator/resources/systems/java/JHotDraw54b1/CH/ifa/draw/standard/AbstractLocator.java;/home/jeff/git/ForkingSimulator/output/4/test/net/azib/ipscan/gui/feeders/klFyQzWTUvKmI/AbstractLocator.java
			 O O /home/jeff/git/ForkingSimulator/resources/systems/java/JHotDraw54b1/CH/ifa/draw/standard/NullHandle.java;/home/jeff/git/ForkingSimulator/output/4/test/net/azib/ipscan/gui/feeders/klFyQzWTUvKmI/NullHandle.java
			 O M mCF_R 16 1 /home/jeff/git/ForkingSimulator/resources/systems/java/JHotDraw54b1/CH/ifa/draw/standard/CreationTool.java;/home/jeff/git/ForkingSimulator/output/4/test/net/azib/ipscan/gui/feeders/klFyQzWTUvKmI/CreationTool.java
			 O M mCW_A 2 1 /home/jeff/git/ForkingSimulator/resources/systems/java/JHotDraw54b1/CH/ifa/draw/standard/BufferedUpdateStrategy.java;/home/jeff/git/ForkingSimulator/output/4/test/net/azib/ipscan/gui/feeders/klFyQzWTUvKmI/BufferedUpdateStrategy.java
			 O O /home/jeff/git/ForkingSimulator/resources/systems/java/JHotDraw54b1/CH/ifa/draw/standard/NullTool.java;/home/jeff/git/ForkingSimulator/output/4/test/net/azib/ipscan/gui/feeders/klFyQzWTUvKmI/NullTool.java
			 O O /home/jeff/git/ForkingSimulator/resources/systems/java/JHotDraw54b1/CH/ifa/draw/standard/DeleteCommand.java;/home/jeff/git/ForkingSimulator/output/4/test/net/azib/ipscan/gui/feeders/klFyQzWTUvKmI/DeleteCommand.java
			 R O /home/jeff/git/ForkingSimulator/resources/systems/java/JHotDraw54b1/CH/ifa/draw/standard/ChangeConnectionHandle.java;/home/jeff/git/ForkingSimulator/output/4/test/net/azib/ipscan/gui/feeders/klFyQzWTUvKmI/5dTNxCDNC2.java
			 O M mCW_R 13 1 /home/jeff/git/ForkingSimulator/resources/systems/java/JHotDraw54b1/CH/ifa/draw/standard/ConnectionHandle.java;/home/jeff/git/ForkingSimulator/output/4/test/net/azib/ipscan/gui/feeders/klFyQzWTUvKmI/ConnectionHandle.java
3 U 2 /home/jeff/git/ForkingSimulator/resources/systems/java/JHotDraw54b1/CH/ifa/draw/samples/minimap
	0 R 2 /home/jeff/git/ForkingSimulator/output/0/test/net/azib/ipscan/izNRMOzTdfzln
			 O M mML 1 3 /home/jeff/git/ForkingSimulator/resources/systems/java/JHotDraw54b1/CH/ifa/draw/samples/minimap/MiniMapApplication.java;/home/jeff/git/ForkingSimulator/output/0/test/net/azib/ipscan/izNRMOzTdfzln/MiniMapApplication.java
			 O M mRL_S 5 2 /home/jeff/git/ForkingSimulator/resources/systems/java/JHotDraw54b1/CH/ifa/draw/samples/minimap/MiniMapDesktop.java;/home/jeff/git/ForkingSimulator/output/0/test/net/azib/ipscan/izNRMOzTdfzln/MiniMapDesktop.java
	4 R 2 /home/jeff/git/ForkingSimulator/output/4/test/net/azib/ipscan/nPPPO7sH3IAD
			 R O /home/jeff/git/ForkingSimulator/resources/systems/java/JHotDraw54b1/CH/ifa/draw/samples/minimap/MiniMapApplication.java;/home/jeff/git/ForkingSimulator/output/4/test/net/azib/ipscan/nPPPO7sH3IAD/hS2OAmF.java
			 R O /home/jeff/git/ForkingSimulator/resources/systems/java/JHotDraw54b1/CH/ifa/draw/samples/minimap/MiniMapDesktop.java;/home/jeff/git/ForkingSimulator/output/4/test/net/azib/ipscan/nPPPO7sH3IAD/hMWIp8.java
4 U 2 /home/jeff/git/ForkingSimulator/resources/systems/java/JHotDraw54b1/CH/ifa/draw/contrib/dnd
	0 O 5 /home/jeff/git/ForkingSimulator/output/0/test/net/azib/ipscan/core/net/dnd
			 R O /home/jeff/git/ForkingSimulator/resources/systems/java/JHotDraw54b1/CH/ifa/draw/contrib/dnd/DNDInterface.java;/home/jeff/git/ForkingSimulator/output/0/test/net/azib/ipscan/core/net/dnd/RGIGEI.java
			 O O /home/jeff/git/ForkingSimulator/resources/systems/java/JHotDraw54b1/CH/ifa/draw/contrib/dnd/DNDFiguresTransferable.java;/home/jeff/git/ForkingSimulator/output/0/test/net/azib/ipscan/core/net/dnd/DNDFiguresTransferable.java
			 R M mSRI 31 2 /home/jeff/git/ForkingSimulator/resources/systems/java/JHotDraw54b1/CH/ifa/draw/contrib/dnd/DNDHelper.java;/home/jeff/git/ForkingSimulator/output/0/test/net/azib/ipscan/core/net/dnd/aSUAaiHU.java
			 O O /home/jeff/git/ForkingSimulator/resources/systems/java/JHotDraw54b1/CH/ifa/draw/contrib/dnd/DNDFigures.java;/home/jeff/git/ForkingSimulator/output/0/test/net/azib/ipscan/core/net/dnd/DNDFigures.java
			 O O /home/jeff/git/ForkingSimulator/resources/systems/java/JHotDraw54b1/CH/ifa/draw/contrib/dnd/DragNDropTool.java;/home/jeff/git/ForkingSimulator/output/0/test/net/azib/ipscan/core/net/dnd/DragNDropTool.java
	2 O 5 /home/jeff/git/ForkingSimulator/output/2/test/net/azib/ipscan/core/net/dnd
			 O O /home/jeff/git/ForkingSimulator/resources/systems/java/JHotDraw54b1/CH/ifa/draw/contrib/dnd/DNDInterface.java;/home/jeff/git/ForkingSimulator/output/2/test/net/azib/ipscan/core/net/dnd/DNDInterface.java
			 O M mARI 2 2 /home/jeff/git/ForkingSimulator/resources/systems/java/JHotDraw54b1/CH/ifa/draw/contrib/dnd/DNDFiguresTransferable.java;/home/jeff/git/ForkingSimulator/output/2/test/net/azib/ipscan/core/net/dnd/DNDFiguresTransferable.java
			 O O /home/jeff/git/ForkingSimulator/resources/systems/java/JHotDraw54b1/CH/ifa/draw/contrib/dnd/DNDHelper.java;/home/jeff/git/ForkingSimulator/output/2/test/net/azib/ipscan/core/net/dnd/DNDHelper.java
			 R M mDL 1 3 /home/jeff/git/ForkingSimulator/resources/systems/java/JHotDraw54b1/CH/ifa/draw/contrib/dnd/DNDFigures.java;/home/jeff/git/ForkingSimulator/output/2/test/net/azib/ipscan/core/net/dnd/YMVCGH.java
			 R M mIL 17 3 /home/jeff/git/ForkingSimulator/resources/systems/java/JHotDraw54b1/CH/ifa/draw/contrib/dnd/DragNDropTool.java;/home/jeff/git/ForkingSimulator/output/2/test/net/azib/ipscan/core/net/dnd/ynvtHUXy59U.java
5 U 3 /home/jeff/git/ForkingSimulator/resources/systems/java/JHotDraw54b1/CH/ifa/draw/samples/nothing
	0 O 2 /home/jeff/git/ForkingSimulator/output/0/src/net/azib/ipscan/util/nothing
			 O M mML 4 3 /home/jeff/git/ForkingSimulator/resources/systems/java/JHotDraw54b1/CH/ifa/draw/samples/nothing/NothingApplet.java;/home/jeff/git/ForkingSimulator/output/0/src/net/azib/ipscan/util/nothing/NothingApplet.java
			 R O /home/jeff/git/ForkingSimulator/resources/systems/java/JHotDraw54b1/CH/ifa/draw/samples/nothing/NothingApp.java;/home/jeff/git/ForkingSimulator/output/0/src/net/azib/ipscan/util/nothing/Kj0AzurmBVCw.java
	3 O 2 /home/jeff/git/ForkingSimulator/output/3/src/net/azib/ipscan/util/nothing
			 R M mSDL 3 3 /home/jeff/git/ForkingSimulator/resources/systems/java/JHotDraw54b1/CH/ifa/draw/samples/nothing/NothingApplet.java;/home/jeff/git/ForkingSimulator/output/3/src/net/azib/ipscan/util/nothing/A0LlDThy9kJRayI.java
			 R M mSIL 6 3 /home/jeff/git/ForkingSimulator/resources/systems/java/JHotDraw54b1/CH/ifa/draw/samples/nothing/NothingApp.java;/home/jeff/git/ForkingSimulator/output/3/src/net/azib/ipscan/util/nothing/1N0B9m4J.java
	4 R 2 /home/jeff/git/ForkingSimulator/output/4/src/net/azib/ipscan/util/S1mPW1
			 R O /home/jeff/git/ForkingSimulator/resources/systems/java/JHotDraw54b1/CH/ifa/draw/samples/nothing/NothingApplet.java;/home/jeff/git/ForkingSimulator/output/4/src/net/azib/ipscan/util/S1mPW1/FW0fJX1ne8F.java
			 R M mCC_BT 1 1 /home/jeff/git/ForkingSimulator/resources/systems/java/JHotDraw54b1/CH/ifa/draw/samples/nothing/NothingApp.java;/home/jeff/git/ForkingSimulator/output/4/src/net/azib/ipscan/util/S1mPW1/zw5Tdu0qgHLXJ.java
6 V 4 /home/jeff/git/ForkingSimulator/resources/systems/java/JHotDraw54b1/CH/ifa/draw/figures
	0 R 35 /home/jeff/git/ForkingSimulator/output/0/src-platform/mac/net/azib/ipscan/platform/dZ11efWO
			 R M mCC_EOL 5 1 /home/jeff/git/ForkingSimulator/resources/systems/java/JHotDraw54b1/CH/ifa/draw/figures/RectangleFigure.java;/home/jeff/git/ForkingSimulator/output/0/src-platform/mac/net/azib/ipscan/platform/dZ11efWO/9nA5wt8DU0GIR.java
			 O O /home/jeff/git/ForkingSimulator/resources/systems/java/JHotDraw54b1/CH/ifa/draw/figures/FontSizeHandle.java;/home/jeff/git/ForkingSimulator/output/0/src-platform/mac/net/azib/ipscan/platform/dZ11efWO/FontSizeHandle.java
			 R M mCF_A 3 1 /home/jeff/git/ForkingSimulator/resources/systems/java/JHotDraw54b1/CH/ifa/draw/figures/ArrowTip.java;/home/jeff/git/ForkingSimulator/output/0/src-platform/mac/net/azib/ipscan/platform/dZ11efWO/2T59pQYg6A6L1O.java
			 R M mCF_R 3 1 /home/jeff/git/ForkingSimulator/resources/systems/java/JHotDraw54b1/CH/ifa/draw/figures/BorderDecorator.java;/home/jeff/git/ForkingSimulator/output/0/src-platform/mac/net/azib/ipscan/platform/dZ11efWO/Ns6aiaeJPbLv.java
			 O O /home/jeff/git/ForkingSimulator/resources/systems/java/JHotDraw54b1/CH/ifa/draw/figures/ScribbleTool.java;/home/jeff/git/ForkingSimulator/output/0/src-platform/mac/net/azib/ipscan/platform/dZ11efWO/ScribbleTool.java
			 O O /home/jeff/git/ForkingSimulator/resources/systems/java/JHotDraw54b1/CH/ifa/draw/figures/ElbowHandle.java;/home/jeff/git/ForkingSimulator/output/0/src-platform/mac/net/azib/ipscan/platform/dZ11efWO/ElbowHandle.java
			 R O /home/jeff/git/ForkingSimulator/resources/systems/java/JHotDraw54b1/CH/ifa/draw/figures/ShortestDistanceConnector.java;/home/jeff/git/ForkingSimulator/output/0/src-platform/mac/net/azib/ipscan/platform/dZ11efWO/69zPvjNeHvze29.java
			 O M mCW_A 1 1 /home/jeff/git/ForkingSimulator/resources/systems/java/JHotDraw54b1/CH/ifa/draw/figures/PolyLineLocator.java;/home/jeff/git/ForkingSimulator/output/0/src-platform/mac/net/azib/ipscan/platform/dZ11efWO/PolyLineLocator.java
			 R O /home/jeff/git/ForkingSimulator/resources/systems/java/JHotDraw54b1/CH/ifa/draw/figures/InsertImageCommand.java;/home/jeff/git/ForkingSimulator/output/0/src-platform/mac/net/azib/ipscan/platform/dZ11efWO/dS4VcHKwKX7.java
			 R M mCW_R 14 1 /home/jeff/git/ForkingSimulator/resources/systems/java/JHotDraw54b1/CH/ifa/draw/figures/PolyLineHandle.java;/home/jeff/git/ForkingSimulator/output/0/src-platform/mac/net/azib/ipscan/platform/dZ11efWO/cYuktlLJ3ciT.java
			 R O /home/jeff/git/ForkingSimulator/resources/systems/java/JHotDraw54b1/CH/ifa/draw/figures/GroupFigure.java;/home/jeff/git/ForkingSimulator/output/0/src-platform/mac/net/azib/ipscan/platform/dZ11efWO/7R1Xv5qJr1.java
			 O O /home/jeff/git/ForkingSimulator/resources/systems/java/JHotDraw54b1/CH/ifa/draw/figures/GroupCommand.java;/home/jeff/git/ForkingSimulator/output/0/src-platform/mac/net/azib/ipscan/platform/dZ11efWO/GroupCommand.java
			 O O /home/jeff/git/ForkingSimulator/resources/systems/java/JHotDraw54b1/CH/ifa/draw/figures/AttributeFigure.java;/home/jeff/git/ForkingSimulator/output/0/src-platform/mac/net/azib/ipscan/platform/dZ11efWO/AttributeFigure.java
			 R O /home/jeff/git/ForkingSimulator/resources/systems/java/JHotDraw54b1/CH/ifa/draw/figures/LineFigure.java;/home/jeff/git/ForkingSimulator/output/0/src-platform/mac/net/azib/ipscan/platform/dZ11efWO/1oDo9O.java
			 O M mRL_N 6 2 /home/jeff/git/ForkingSimulator/resources/systems/java/JHotDraw54b1/CH/ifa/draw/figures/ElbowConnection.java;/home/jeff/git/ForkingSimulator/output/0/src-platform/mac/net/azib/ipscan/platform/dZ11efWO/ElbowConnection.java
			 R O /home/jeff/git/ForkingSimulator/resources/systems/java/JHotDraw54b1/CH/ifa/draw/figures/PolyLineFigure.java;/home/jeff/git/ForkingSimulator/output/0/src-platform/mac/net/azib/ipscan/platform/dZ11efWO/1Bjq0GDnc9py.java
			 O M mRL_S 37 2 /home/jeff/git/ForkingSimulator/resources/systems/java/JHotDraw54b1/CH/ifa/draw/figures/TextFigure.java;/home/jeff/git/ForkingSimulator/output/0/src-platform/mac/net/azib/ipscan/platform/dZ11efWO/TextFigure.java
			 O M mSRI 6 2 /home/jeff/git/ForkingSimulator/resources/systems/java/JHotDraw54b1/CH/ifa/draw/figures/RoundRectangleFigure.java;/home/jeff/git/ForkingSimulator/output/0/src-platform/mac/net/azib/ipscan/platform/dZ11efWO/RoundRectangleFigure.java
			 O M mARI 1 2 /home/jeff/git/ForkingSimulator/resources/systems/java/JHotDraw54b1/CH/ifa/draw/figures/RadiusHandle.java;/home/jeff/git/ForkingSimulator/output/0/src-platform/mac/net/azib/ipscan/platform/dZ11efWO/RadiusHandle.java
			 O O /home/jeff/git/ForkingSimulator/resources/systems/java/JHotDraw54b1/CH/ifa/draw/figures/LineConnection.java;/home/jeff/git/ForkingSimulator/output/0/src-platform/mac/net/azib/ipscan/platform/dZ11efWO/LineConnection.java
			 O M mCF_R 2 1 /home/jeff/git/ForkingSimulator/resources/systems/java/JHotDraw54b1/CH/ifa/draw/figures/LineDecoration.java;/home/jeff/git/ForkingSimulator/output/0/src-platform/mac/net/azib/ipscan/platform/dZ11efWO/LineDecoration.java
			 O O /home/jeff/git/ForkingSimulator/resources/systems/java/JHotDraw54b1/CH/ifa/draw/figures/ConnectedTextTool.java;/home/jeff/git/ForkingSimulator/output/0/src-platform/mac/net/azib/ipscan/platform/dZ11efWO/ConnectedTextTool.java
			 R O /home/jeff/git/ForkingSimulator/resources/systems/java/JHotDraw54b1/CH/ifa/draw/figures/ChopEllipseConnector.java;/home/jeff/git/ForkingSimulator/output/0/src-platform/mac/net/azib/ipscan/platform/dZ11efWO/mZ3ALbfVrF1Lncb.java
			 R O /home/jeff/git/ForkingSimulator/resources/systems/java/JHotDraw54b1/CH/ifa/draw/figures/UngroupCommand.java;/home/jeff/git/ForkingSimulator/output/0/src-platform/mac/net/azib/ipscan/platform/dZ11efWO/soWy0G.java
			 R O /home/jeff/git/ForkingSimulator/resources/systems/java/JHotDraw54b1/CH/ifa/draw/figures/GroupHandle.java;/home/jeff/git/ForkingSimulator/output/0/src-platform/mac/net/azib/ipscan/platform/dZ11efWO/xAgM7atZ.java
			 O M mIL 17 3 /home/jeff/git/ForkingSimulator/resources/systems/java/JHotDraw54b1/CH/ifa/draw/figures/FigureAttributes.java;/home/jeff/git/ForkingSimulator/output/0/src-platform/mac/net/azib/ipscan/platform/dZ11efWO/FigureAttributes.java
			 O O /home/jeff/git/ForkingSimulator/resources/systems/java/JHotDraw54b1/CH/ifa/draw/figures/BorderTool.java;/home/jeff/git/ForkingSimulator/output/0/src-platform/mac/net/azib/ipscan/platform/dZ11efWO/BorderTool.java
			 O O /home/jeff/git/ForkingSimulator/resources/systems/java/JHotDraw54b1/CH/ifa/draw/figures/NullFigure.java;/home/jeff/git/ForkingSimulator/output/0/src-platform/mac/net/azib/ipscan/platform/dZ11efWO/NullFigure.java
			 O O /home/jeff/git/ForkingSimulator/resources/systems/java/JHotDraw54b1/CH/ifa/draw/figures/PolyLineConnector.java;/home/jeff/git/ForkingSimulator/output/0/src-platform/mac/net/azib/ipscan/platform/dZ11efWO/PolyLineConnector.java
			 O M mML 19 3 /home/jeff/git/ForkingSimulator/resources/systems/java/JHotDraw54b1/CH/ifa/draw/figures/TextTool.java;/home/jeff/git/ForkingSimulator/output/0/src-platform/mac/net/azib/ipscan/platform/dZ11efWO/TextTool.java
			 O O /home/jeff/git/ForkingSimulator/resources/systems/java/JHotDraw54b1/CH/ifa/draw/figures/NullConnector.java;/home/jeff/git/ForkingSimulator/output/0/src-platform/mac/net/azib/ipscan/platform/dZ11efWO/NullConnector.java
			 O O /home/jeff/git/ForkingSimulator/resources/systems/java/JHotDraw54b1/CH/ifa/draw/figures/ImageFigure.java;/home/jeff/git/ForkingSimulator/output/0/src-platform/mac/net/azib/ipscan/platform/dZ11efWO/ImageFigure.java
			 O O /home/jeff/git/ForkingSimulator/resources/systems/java/JHotDraw54b1/CH/ifa/draw/figures/AbstractLineDecoration.java;/home/jeff/git/ForkingSimulator/output/0/src-platform/mac/net/azib/ipscan/platform/dZ11efWO/AbstractLineDecoration.java
			 R M mSDL 5 3 /home/jeff/git/ForkingSimulator/resources/systems/java/JHotDraw54b1/CH/ifa/draw/figures/NumberTextFigure.java;/home/jeff/git/ForkingSimulator/output/0/src-platform/mac/net/azib/ipscan/platform/dZ11efWO/EKaEkdQPAaC.java
			 R O /home/jeff/git/ForkingSimulator/resources/systems/java/JHotDraw54b1/CH/ifa/draw/figures/EllipseFigure.java;/home/jeff/git/ForkingSimulator/output/0/src-platform/mac/net/azib/ipscan/platform/dZ11efWO/WxBUBTI.java
	2 R 35 /home/jeff/git/ForkingSimulator/output/2/test/net/Diu2MSuKUZy
			 R O /home/jeff/git/ForkingSimulator/resources/systems/java/JHotDraw54b1/CH/ifa/draw/figures/RectangleFigure.java;/home/jeff/git/ForkingSimulator/output/2/test/net/Diu2MSuKUZy/iKyZhU.java
			 R O /home/jeff/git/ForkingSimulator/resources/systems/java/JHotDraw54b1/CH/ifa/draw/figures/FontSizeHandle.java;/home/jeff/git/ForkingSimulator/output/2/test/net/Diu2MSuKUZy/zkkzjEutUEORl4P.java
			 O M mSIL 5 3 /home/jeff/git/ForkingSimulator/resources/systems/java/JHotDraw54b1/CH/ifa/draw/figures/ArrowTip.java;/home/jeff/git/ForkingSimulator/output/2/test/net/Diu2MSuKUZy/ArrowTip.java
			 R M mCC_BT 7 1 /home/jeff/git/ForkingSimulator/resources/systems/java/JHotDraw54b1/CH/ifa/draw/figures/BorderDecorator.java;/home/jeff/git/ForkingSimulator/output/2/test/net/Diu2MSuKUZy/LO8Lu.java
			 R M mCC_EOL 4 1 /home/jeff/git/ForkingSimulator/resources/systems/java/JHotDraw54b1/CH/ifa/draw/figures/ScribbleTool.java;/home/jeff/git/ForkingSimulator/output/2/test/net/Diu2MSuKUZy/iQOW5m5PdzFN0.java
			 O O /home/jeff/git/ForkingSimulator/resources/systems/java/JHotDraw54b1/CH/ifa/draw/figures/ElbowHandle.java;/home/jeff/git/ForkingSimulator/output/2/test/net/Diu2MSuKUZy/ElbowHandle.java
			 O M mCF_A 9 1 /home/jeff/git/ForkingSimulator/resources/systems/java/JHotDraw54b1/CH/ifa/draw/figures/ShortestDistanceConnector.java;/home/jeff/git/ForkingSimulator/output/2/test/net/Diu2MSuKUZy/ShortestDistanceConnector.java
			 R O /home/jeff/git/ForkingSimulator/resources/systems/java/JHotDraw54b1/CH/ifa/draw/figures/PolyLineLocator.java;/home/jeff/git/ForkingSimulator/output/2/test/net/Diu2MSuKUZy/kYQEzYiUNugj6.java
			 R O /home/jeff/git/ForkingSimulator/resources/systems/java/JHotDraw54b1/CH/ifa/draw/figures/InsertImageCommand.java;/home/jeff/git/ForkingSimulator/output/2/test/net/Diu2MSuKUZy/brhWCfiRqSxqUh.java
			 O O /home/jeff/git/ForkingSimulator/resources/systems/java/JHotDraw54b1/CH/ifa/draw/figures/PolyLineHandle.java;/home/jeff/git/ForkingSimulator/output/2/test/net/Diu2MSuKUZy/PolyLineHandle.java
			 O O /home/jeff/git/ForkingSimulator/resources/systems/java/JHotDraw54b1/CH/ifa/draw/figures/GroupFigure.java;/home/jeff/git/ForkingSimulator/output/2/test/net/Diu2MSuKUZy/GroupFigure.java
			 O O /home/jeff/git/ForkingSimulator/resources/systems/java/JHotDraw54b1/CH/ifa/draw/figures/GroupCommand.java;/home/jeff/git/ForkingSimulator/output/2/test/net/Diu2MSuKUZy/GroupCommand.java
			 O O /home/jeff/git/ForkingSimulator/resources/systems/java/JHotDraw54b1/CH/ifa/draw/figures/AttributeFigure.java;/home/jeff/git/ForkingSimulator/output/2/test/net/Diu2MSuKUZy/AttributeFigure.java
			 R O /home/jeff/git/ForkingSimulator/resources/systems/java/JHotDraw54b1/CH/ifa/draw/figures/LineFigure.java;/home/jeff/git/ForkingSimulator/output/2/test/net/Diu2MSuKUZy/QJSY9i2o87.java
			 R M mCF_R 12 1 /home/jeff/git/ForkingSimulator/resources/systems/java/JHotDraw54b1/CH/ifa/draw/figures/ElbowConnection.java;/home/jeff/git/ForkingSimulator/output/2/test/net/Diu2MSuKUZy/N763G8.java
			 O M mCW_A 21 1 /home/jeff/git/ForkingSimulator/resources/systems/java/JHotDraw54b1/CH/ifa/draw/figures/PolyLineFigure.java;/home/jeff/git/ForkingSimulator/output/2/test/net/Diu2MSuKUZy/PolyLineFigure.java
			 O M mCW_R 29 1 /home/jeff/git/ForkingSimulator/resources/systems/java/JHotDraw54b1/CH/ifa/draw/figures/TextFigure.java;/home/jeff/git/ForkingSimulator/output/2/test/net/Diu2MSuKUZy/TextFigure.java
			 R M mRL_N 9 2 /home/jeff/git/ForkingSimulator/resources/systems/java/JHotDraw54b1/CH/ifa/draw/figures/RoundRectangleFigure.java;/home/jeff/git/ForkingSimulator/output/2/test/net/Diu2MSuKUZy/PN1OeEVWQTSVlZ2.java
			 R O /home/jeff/git/ForkingSimulator/resources/systems/java/JHotDraw54b1/CH/ifa/draw/figures/RadiusHandle.java;/home/jeff/git/ForkingSimulator/output/2/test/net/Diu2MSuKUZy/cryCwY5O.java
			 R O /home/jeff/git/ForkingSimulator/resources/systems/java/JHotDraw54b1/CH/ifa/draw/figures/LineConnection.java;/home/jeff/git/ForkingSimulator/output/2/test/net/Diu2MSuKUZy/E767BKj7hWQl.java
			 R M mARI 2 2 /home/jeff/git/ForkingSimulator/resources/systems/java/JHotDraw54b1/CH/ifa/draw/figures/LineDecoration.java;/home/jeff/git/ForkingSimulator/output/2/test/net/Diu2MSuKUZy/VKodZ.java
			 O O /home/jeff/git/ForkingSimulator/resources/systems/java/JHotDraw54b1/CH/ifa/draw/figures/ConnectedTextTool.java;/home/jeff/git/ForkingSimulator/output/2/test/net/Diu2MSuKUZy/ConnectedTextTool.java
			 O M mSRI 1 2 /home/jeff/git/ForkingSimulator/resources/systems/java/JHotDraw54b1/CH/ifa/draw/figures/ChopEllipseConnector.java;/home/jeff/git/ForkingSimulator/output/2/test/net/Diu2MSuKUZy/ChopEllipseConnector.java
			 O M mARI 8 2 /home/jeff/git/ForkingSimulator/resources/systems/java/JHotDraw54b1/CH/ifa/draw/figures/UngroupCommand.java;/home/jeff/git/ForkingSimulator/output/2/test/net/Diu2MSuKUZy/UngroupCommand.java
			 O O /home/jeff/git/ForkingSimulator/resources/systems/java/JHotDraw54b1/CH/ifa/draw/figures/GroupHandle.java;/home/jeff/git/ForkingSimulator/output/2/test/net/Diu2MSuKUZy/GroupHandle.java
			 O O /home/jeff/git/ForkingSimulator/resources/systems/java/JHotDraw54b1/CH/ifa/draw/figures/FigureAttributes.java;/home/jeff/git/ForkingSimulator/output/2/test/net/Diu2MSuKUZy/FigureAttributes.java
			 R O /home/jeff/git/ForkingSimulator/resources/systems/java/JHotDraw54b1/CH/ifa/draw/figures/BorderTool.java;/home/jeff/git/ForkingSimulator/output/2/test/net/Diu2MSuKUZy/YGmEcp6QGh8E.java
			 R M mSRI 14 2 /home/jeff/git/ForkingSimulator/resources/systems/java/JHotDraw54b1/CH/ifa/draw/figures/NullFigure.java;/home/jeff/git/ForkingSimulator/output/2/test/net/Diu2MSuKUZy/A2IOfYlppa.java
			 R M mIL 10 3 /home/jeff/git/ForkingSimulator/resources/systems/java/JHotDraw54b1/CH/ifa/draw/figures/PolyLineConnector.java;/home/jeff/git/ForkingSimulator/output/2/test/net/Diu2MSuKUZy/H3MM80B4QZKeTz.java
			 R M mML 19 3 /home/jeff/git/ForkingSimulator/resources/systems/java/JHotDraw54b1/CH/ifa/draw/figures/TextTool.java;/home/jeff/git/ForkingSimulator/output/2/test/net/Diu2MSuKUZy/AoJ52qa9fr.java
			 R M mSDL 2 3 /home/jeff/git/ForkingSimulator/resources/systems/java/JHotDraw54b1/CH/ifa/draw/figures/NullConnector.java;/home/jeff/git/ForkingSimulator/output/2/test/net/Diu2MSuKUZy/Bi2k2qaD.java
			 O O /home/jeff/git/ForkingSimulator/resources/systems/java/JHotDraw54b1/CH/ifa/draw/figures/ImageFigure.java;/home/jeff/git/ForkingSimulator/output/2/test/net/Diu2MSuKUZy/ImageFigure.java
			 O O /home/jeff/git/ForkingSimulator/resources/systems/java/JHotDraw54b1/CH/ifa/draw/figures/AbstractLineDecoration.java;/home/jeff/git/ForkingSimulator/output/2/test/net/Diu2MSuKUZy/AbstractLineDecoration.java
			 R O /home/jeff/git/ForkingSimulator/resources/systems/java/JHotDraw54b1/CH/ifa/draw/figures/NumberTextFigure.java;/home/jeff/git/ForkingSimulator/output/2/test/net/Diu2MSuKUZy/ltYKxyCCBztl.java
			 R M mSIL 8 3 /home/jeff/git/ForkingSimulator/resources/systems/java/JHotDraw54b1/CH/ifa/draw/figures/EllipseFigure.java;/home/jeff/git/ForkingSimulator/output/2/test/net/Diu2MSuKUZy/eoPaO3.java
	3 R 35 /home/jeff/git/ForkingSimulator/output/3/src/net/azib/ipscan/gui/util/SbuPJdCPL6Gm2r
			 O M mCC_BT 10 1 /home/jeff/git/ForkingSimulator/resources/systems/java/JHotDraw54b1/CH/ifa/draw/figures/RectangleFigure.java;/home/jeff/git/ForkingSimulator/output/3/src/net/azib/ipscan/gui/util/SbuPJdCPL6Gm2r/RectangleFigure.java
			 R M mCC_EOL 10 1 /home/jeff/git/ForkingSimulator/resources/systems/java/JHotDraw54b1/CH/ifa/draw/figures/FontSizeHandle.java;/home/jeff/git/ForkingSimulator/output/3/src/net/azib/ipscan/gui/util/SbuPJdCPL6Gm2r/q0KbdPJU2oCD.java
			 O M mCF_A 9 1 /home/jeff/git/ForkingSimulator/resources/systems/java/JHotDraw54b1/CH/ifa/draw/figures/ArrowTip.java;/home/jeff/git/ForkingSimulator/output/3/src/net/azib/ipscan/gui/util/SbuPJdCPL6Gm2r/ArrowTip.java
			 O M mCF_R 7 1 /home/jeff/git/ForkingSimulator/resources/systems/java/JHotDraw54b1/CH/ifa/draw/figures/BorderDecorator.java;/home/jeff/git/ForkingSimulator/output/3/src/net/azib/ipscan/gui/util/SbuPJdCPL6Gm2r/BorderDecorator.java
			 R O /home/jeff/git/ForkingSimulator/resources/systems/java/JHotDraw54b1/CH/ifa/draw/figures/ScribbleTool.java;/home/jeff/git/ForkingSimulator/output/3/src/net/azib/ipscan/gui/util/SbuPJdCPL6Gm2r/y0nsvffU.java
			 O O /home/jeff/git/ForkingSimulator/resources/systems/java/JHotDraw54b1/CH/ifa/draw/figures/ElbowHandle.java;/home/jeff/git/ForkingSimulator/output/3/src/net/azib/ipscan/gui/util/SbuPJdCPL6Gm2r/ElbowHandle.java
			 O O /home/jeff/git/ForkingSimulator/resources/systems/java/JHotDraw54b1/CH/ifa/draw/figures/ShortestDistanceConnector.java;/home/jeff/git/ForkingSimulator/output/3/src/net/azib/ipscan/gui/util/SbuPJdCPL6Gm2r/ShortestDistanceConnector.java
			 R M mCW_A 4 1 /home/jeff/git/ForkingSimulator/resources/systems/java/JHotDraw54b1/CH/ifa/draw/figures/PolyLineLocator.java;/home/jeff/git/ForkingSimulator/output/3/src/net/azib/ipscan/gui/util/SbuPJdCPL6Gm2r/erbDucG.java
			 R O /home/jeff/git/ForkingSimulator/resources/systems/java/JHotDraw54b1/CH/ifa/draw/figures/InsertImageCommand.java;/home/jeff/git/ForkingSimulator/output/3/src/net/azib/ipscan/gui/util/SbuPJdCPL6Gm2r/OQ0Go5A.java
			 O M mCW_R 7 1 /home/jeff/git/ForkingSimulator/resources/systems/java/JHotDraw54b1/CH/ifa/draw/figures/PolyLineHandle.java;/home/jeff/git/ForkingSimulator/output/3/src/net/azib/ipscan/gui/util/SbuPJdCPL6Gm2r/PolyLineHandle.java
			 O M mRL_N 8 2 /home/jeff/git/ForkingSimulator/resources/systems/java/JHotDraw54b1/CH/ifa/draw/figures/GroupFigure.java;/home/jeff/git/ForkingSimulator/output/3/src/net/azib/ipscan/gui/util/SbuPJdCPL6Gm2r/GroupFigure.java
			 R O /home/jeff/git/ForkingSimulator/resources/systems/java/JHotDraw54b1/CH/ifa/draw/figures/GroupCommand.java;/home/jeff/git/ForkingSimulator/output/3/src/net/azib/ipscan/gui/util/SbuPJdCPL6Gm2r/v55Pnr.java
			 O O /home/jeff/git/ForkingSimulator/resources/systems/java/JHotDraw54b1/CH/ifa/draw/figures/AttributeFigure.java;/home/jeff/git/ForkingSimulator/output/3/src/net/azib/ipscan/gui/util/SbuPJdCPL6Gm2r/AttributeFigure.java
			 R M mCF_R 2 1 /home/jeff/git/ForkingSimulator/resources/systems/java/JHotDraw54b1/CH/ifa/draw/figures/LineFigure.java;/home/jeff/git/ForkingSimulator/output/3/src/net/azib/ipscan/gui/util/SbuPJdCPL6Gm2r/5amDMaJHjZbY.java
			 O M mSRI 10 2 /home/jeff/git/ForkingSimulator/resources/systems/java/JHotDraw54b1/CH/ifa/draw/figures/ElbowConnection.java;/home/jeff/git/ForkingSimulator/output/3/src/net/azib/ipscan/gui/util/SbuPJdCPL6Gm2r/ElbowConnection.java
			 R M mARI 20 2 /home/jeff/git/ForkingSimulator/resources/systems/java/JHotDraw54b1/CH/ifa/draw/figures/PolyLineFigure.java;/home/jeff/git/ForkingSimulator/output/3/src/net/azib/ipscan/gui/util/SbuPJdCPL6Gm2r/u79XLota.java
			 O M mDL 17 3 /home/jeff/git/ForkingSimulator/resources/systems/java/JHotDraw54b1/CH/ifa/draw/figures/TextFigure.java;/home/jeff/git/ForkingSimulator/output/3/src/net/azib/ipscan/gui/util/SbuPJdCPL6Gm2r/TextFigure.java
			 R O /home/jeff/git/ForkingSimulator/resources/systems/java/JHotDraw54b1/CH/ifa/draw/figures/RoundRectangleFigure.java;/home/jeff/git/ForkingSimulator/output/3/src/net/azib/ipscan/gui/util/SbuPJdCPL6Gm2r/OsdSiBRm.java
			 R O /home/jeff/git/ForkingSimulator/resources/systems/java/JHotDraw54b1/CH/ifa/draw/figures/RadiusHandle.java;/home/jeff/git/ForkingSimulator/output/3/src/net/azib/ipscan/gui/util/SbuPJdCPL6Gm2r/QXqqodCbFqOM.java
			 O M mIL 17 3 /home/jeff/git/ForkingSimulator/resources/systems/java/JHotDraw54b1/CH/ifa/draw/figures/LineConnection.java;/home/jeff/git/ForkingSimulator/output/3/src/net/azib/ipscan/gui/util/SbuPJdCPL6Gm2r/LineConnection.java
			 O O /home/jeff/git/ForkingSimulator/resources/systems/java/JHotDraw54b1/CH/ifa/draw/figures/LineDecoration.java;/home/jeff/git/ForkingSimulator/output/3/src/net/azib/ipscan/gui/util/SbuPJdCPL6Gm2r/LineDecoration.java
			 O O /home/jeff/git/ForkingSimulator/resources/systems/java/JHotDraw54b1/CH/ifa/draw/figures/ConnectedTextTool.java;/home/jeff/git/ForkingSimulator/output/3/src/net/azib/ipscan/gui/util/SbuPJdCPL6Gm2r/ConnectedTextTool.java
			 O O /home/jeff/git/ForkingSimulator/resources/systems/java/JHotDraw54b1/CH/ifa/draw/figures/ChopEllipseConnector.java;/home/jeff/git/ForkingSimulator/output/3/src/net/azib/ipscan/gui/util/SbuPJdCPL6Gm2r/ChopEllipseConnector.java
			 O M mML 1 3 /home/jeff/git/ForkingSimulator/resources/systems/java/JHotDraw54b1/CH/ifa/draw/figures/UngroupCommand.java;/home/jeff/git/ForkingSimulator/output/3/src/net/azib/ipscan/gui/util/SbuPJdCPL6Gm2r/UngroupCommand.java
			 O O /home/jeff/git/ForkingSimulator/resources/systems/java/JHotDraw54b1/CH/ifa/draw/figures/GroupHandle.java;/home/jeff/git/ForkingSimulator/output/3/src/net/azib/ipscan/gui/util/SbuPJdCPL6Gm2r/GroupHandle.java
			 R M mSDL 3 3 /home/jeff/git/ForkingSimulator/resources/systems/java/JHotDraw54b1/CH/ifa/draw/figures/FigureAttributes.java;/home/jeff/git/ForkingSimulator/output/3/src/net/azib/ipscan/gui/util/SbuPJdCPL6Gm2r/Tybfc3L8iQbF1Y.java
			 O O /home/jeff/git/ForkingSimulator/resources/systems/java/JHotDraw54b1/CH/ifa/draw/figures/BorderTool.java;/home/jeff/git/ForkingSimulator/output/3/src/net/azib/ipscan/gui/util/SbuPJdCPL6Gm2r/BorderTool.java
			 O M mSIL 5 3 /home/jeff/git/ForkingSimulator/resources/systems/java/JHotDraw54b1/CH/ifa/draw/figures/NullFigure.java;/home/jeff/git/ForkingSimulator/output/3/src/net/azib/ipscan/gui/util/SbuPJdCPL6Gm2r/NullFigure.java
			 R O /home/jeff/git/ForkingSimulator/resources/systems/java/JHotDraw54b1/CH/ifa/draw/figures/PolyLineConnector.java;/home/jeff/git/ForkingSimulator/output/3/src/net/azib/ipscan/gui/util/SbuPJdCPL6Gm2r/lr3SW9X.java
			 R O /home/jeff/git/ForkingSimulator/resources/systems/java/JHotDraw54b1/CH/ifa/draw/figures/TextTool.java;/home/jeff/git/ForkingSimulator/output/3/src/net/azib/ipscan/gui/util/SbuPJdCPL6Gm2r/UtSCkp7pvTTc.java
			 R M mCC_BT 2 1 /home/jeff/git/ForkingSimulator/resources/systems/java/JHotDraw54b1/CH/ifa/draw/figures/NullConnector.java;/home/jeff/git/ForkingSimulator/output/3/src/net/azib/ipscan/gui/util/SbuPJdCPL6Gm2r/Hk2U5R.java
			 O M mCC_EOL 16 1 /home/jeff/git/ForkingSimulator/resources/systems/java/JHotDraw54b1/CH/ifa/draw/figures/ImageFigure.java;/home/jeff/git/ForkingSimulator/output/3/src/net/azib/ipscan/gui/util/SbuPJdCPL6Gm2r/ImageFigure.java
			 O M mCF_A 9 1 /home/jeff/git/ForkingSimulator/resources/systems/java/JHotDraw54b1/CH/ifa/draw/figures/AbstractLineDecoration.java;/home/jeff/git/ForkingSimulator/output/3/src/net/azib/ipscan/gui/util/SbuPJdCPL6Gm2r/AbstractLineDecoration.java
			 O O /home/jeff/git/ForkingSimulator/resources/systems/java/JHotDraw54b1/CH/ifa/draw/figures/NumberTextFigure.java;/home/jeff/git/ForkingSimulator/output/3/src/net/azib/ipscan/gui/util/SbuPJdCPL6Gm2r/NumberTextFigure.java
			 R O /home/jeff/git/ForkingSimulator/resources/systems/java/JHotDraw54b1/CH/ifa/draw/figures/EllipseFigure.java;/home/jeff/git/ForkingSimulator/output/3/src/net/azib/ipscan/gui/util/SbuPJdCPL6Gm2r/Tel1NeT.java
	4 O 35 /home/jeff/git/ForkingSimulator/output/4/src-platform/mac/figures
			 O M mCF_R 6 1 /home/jeff/git/ForkingSimulator/resources/systems/java/JHotDraw54b1/CH/ifa/draw/figures/RectangleFigure.java;/home/jeff/git/ForkingSimulator/output/4/src-platform/mac/figures/RectangleFigure.java
			 O O /home/jeff/git/ForkingSimulator/resources/systems/java/JHotDraw54b1/CH/ifa/draw/figures/FontSizeHandle.java;/home/jeff/git/ForkingSimulator/output/4/src-platform/mac/figures/FontSizeHandle.java
			 R O /home/jeff/git/ForkingSimulator/resources/systems/java/JHotDraw54b1/CH/ifa/draw/figures/ArrowTip.java;/home/jeff/git/ForkingSimulator/output/4/src-platform/mac/figures/uZuMsX8XnaKsPbI.java
			 R M mCW_A 6 1 /home/jeff/git/ForkingSimulator/resources/systems/java/JHotDraw54b1/CH/ifa/draw/figures/BorderDecorator.java;/home/jeff/git/ForkingSimulator/output/4/src-platform/mac/figures/2KeLRgrPdcXAfR.java
			 R O /home/jeff/git/ForkingSimulator/resources/systems/java/JHotDraw54b1/CH/ifa/draw/figures/ScribbleTool.java;/home/jeff/git/ForkingSimulator/output/4/src-platform/mac/figures/fg3FAlNCXGi4V.java
			 R O /home/jeff/git/ForkingSimulator/resources/systems/java/JHotDraw54b1/CH/ifa/draw/figures/ElbowHandle.java;/home/jeff/git/ForkingSimulator/output/4/src-platform/mac/figures/A2dONfhY.java
			 R M mCW_R 7 1 /home/jeff/git/ForkingSimulator/resources/systems/java/JHotDraw54b1/CH/ifa/draw/figures/ShortestDistanceConnector.java;/home/jeff/git/ForkingSimulator/output/4/src-platform/mac/figures/UAOEenJvr.java
			 R M mRL_N 2 2 /home/jeff/git/ForkingSimulator/resources/systems/java/JHotDraw54b1/CH/ifa/draw/figures/PolyLineLocator.java;/home/jeff/git/ForkingSimulator/output/4/src-platform/mac/figures/6CRZ8WpT9SvjIB.java
			 R O /home/jeff/git/ForkingSimulator/resources/systems/java/JHotDraw54b1/CH/ifa/draw/figures/InsertImageCommand.java;/home/jeff/git/ForkingSimulator/output/4/src-platform/mac/figures/noDTPNlXsu.java
			 R M mSIL 7 3 /home/jeff/git/ForkingSimulator/resources/systems/java/JHotDraw54b1/CH/ifa/draw/figures/PolyLineHandle.java;/home/jeff/git/ForkingSimulator/output/4/src-platform/mac/figures/EkQWpYdArUcxtK.java
			 R M mSRI 8 2 /home/jeff/git/ForkingSimulator/resources/systems/java/JHotDraw54b1/CH/ifa/draw/figures/GroupFigure.java;/home/jeff/git/ForkingSimulator/output/4/src-platform/mac/figures/EwCxkhLqMJdnX0.java
			 R M mARI 10 2 /home/jeff/git/ForkingSimulator/resources/systems/java/JHotDraw54b1/CH/ifa/draw/figures/GroupCommand.java;/home/jeff/git/ForkingSimulator/output/4/src-platform/mac/figures/X5XsCxVRQix6oi.java
			 O M mDL 6 3 /home/jeff/git/ForkingSimulator/resources/systems/java/JHotDraw54b1/CH/ifa/draw/figures/AttributeFigure.java;/home/jeff/git/ForkingSimulator/output/4/src-platform/mac/figures/AttributeFigure.java
			 O M mIL 3 3 /home/jeff/git/ForkingSimulator/resources/systems/java/JHotDraw54b1/CH/ifa/draw/figures/LineFigure.java;/home/jeff/git/ForkingSimulator/output/4/src-platform/mac/figures/LineFigure.java
			 O O /home/jeff/git/ForkingSimulator/resources/systems/java/JHotDraw54b1/CH/ifa/draw/figures/ElbowConnection.java;/home/jeff/git/ForkingSimulator/output/4/src-platform/mac/figures/ElbowConnection.java
			 R O /home/jeff/git/ForkingSimulator/resources/systems/java/JHotDraw54b1/CH/ifa/draw/figures/PolyLineFigure.java;/home/jeff/git/ForkingSimulator/output/4/src-platform/mac/figures/gHKmhEReVV.java
			 O M mML 36 3 /home/jeff/git/ForkingSimulator/resources/systems/java/JHotDraw54b1/CH/ifa/draw/figures/TextFigure.java;/home/jeff/git/ForkingSimulator/output/4/src-platform/mac/figures/TextFigure.java
			 R O /home/jeff/git/ForkingSimulator/resources/systems/java/JHotDraw54b1/CH/ifa/draw/figures/RoundRectangleFigure.java;/home/jeff/git/ForkingSimulator/output/4/src-platform/mac/figures/byM9PmPNi.java
			 O M mSDL 14 3 /home/jeff/git/ForkingSimulator/resources/systems/java/JHotDraw54b1/CH/ifa/draw/figures/RadiusHandle.java;/home/jeff/git/ForkingSimulator/output/4/src-platform/mac/figures/RadiusHandle.java
			 O O /home/jeff/git/ForkingSimulator/resources/systems/java/JHotDraw54b1/CH/ifa/draw/figures/LineConnection.java;/home/jeff/git/ForkingSimulator/output/4/src-platform/mac/figures/LineConnection.java
			 O O /home/jeff/git/ForkingSimulator/resources/systems/java/JHotDraw54b1/CH/ifa/draw/figures/LineDecoration.java;/home/jeff/git/ForkingSimulator/output/4/src-platform/mac/figures/LineDecoration.java
			 R O /home/jeff/git/ForkingSimulator/resources/systems/java/JHotDraw54b1/CH/ifa/draw/figures/ConnectedTextTool.java;/home/jeff/git/ForkingSimulator/output/4/src-platform/mac/figures/szq8xv.java
			 O M mSIL 5 3 /home/jeff/git/ForkingSimulator/resources/systems/java/JHotDraw54b1/CH/ifa/draw/figures/ChopEllipseConnector.java;/home/jeff/git/ForkingSimulator/output/4/src-platform/mac/figures/ChopEllipseConnector.java
			 O M mCC_BT 2 1 /home/jeff/git/ForkingSimulator/resources/systems/java/JHotDraw54b1/CH/ifa/draw/figures/UngroupCommand.java;/home/jeff/git/ForkingSimulator/output/4/src-platform/mac/figures/UngroupCommand.java
			 O O /home/jeff/git/ForkingSimulator/resources/systems/java/JHotDraw54b1/CH/ifa/draw/figures/GroupHandle.java;/home/jeff/git/ForkingSimulator/output/4/src-platform/mac/figures/GroupHandle.java
			 O O /home/jeff/git/ForkingSimulator/resources/systems/java/JHotDraw54b1/CH/ifa/draw/figures/FigureAttributes.java;/home/jeff/git/ForkingSimulator/output/4/src-platform/mac/figures/FigureAttributes.java
			 R M mCC_EOL 13 1 /home/jeff/git/ForkingSimulator/resources/systems/java/JHotDraw54b1/CH/ifa/draw/figures/BorderTool.java;/home/jeff/git/ForkingSimulator/output/4/src-platform/mac/figures/1Hoe3NRYaq.java
			 R O /home/jeff/git/ForkingSimulator/resources/systems/java/JHotDraw54b1/CH/ifa/draw/figures/NullFigure.java;/home/jeff/git/ForkingSimulator/output/4/src-platform/mac/figures/e5uAGnWeHfHh.java
			 R O /home/jeff/git/ForkingSimulator/resources/systems/java/JHotDraw54b1/CH/ifa/draw/figures/PolyLineConnector.java;/home/jeff/git/ForkingSimulator/output/4/src-platform/mac/figures/Esg1PTy.java
			 R M mCF_A 3 1 /home/jeff/git/ForkingSimulator/resources/systems/java/JHotDraw54b1/CH/ifa/draw/figures/TextTool.java;/home/jeff/git/ForkingSimulator/output/4/src-platform/mac/figures/y7VUB3I.java
			 R M mCF_R 1 1 /home/jeff/git/ForkingSimulator/resources/systems/java/JHotDraw54b1/CH/ifa/draw/figures/NullConnector.java;/home/jeff/git/ForkingSimulator/output/4/src-platform/mac/figures/gfwV9Pl.java
			 O M mCW_A 8 1 /home/jeff/git/ForkingSimulator/resources/systems/java/JHotDraw54b1/CH/ifa/draw/figures/ImageFigure.java;/home/jeff/git/ForkingSimulator/output/4/src-platform/mac/figures/ImageFigure.java
			 R O /home/jeff/git/ForkingSimulator/resources/systems/java/JHotDraw54b1/CH/ifa/draw/figures/AbstractLineDecoration.java;/home/jeff/git/ForkingSimulator/output/4/src-platform/mac/figures/5nEsRC89IAKJeY.java
			 R O /home/jeff/git/ForkingSimulator/resources/systems/java/JHotDraw54b1/CH/ifa/draw/figures/NumberTextFigure.java;/home/jeff/git/ForkingSimulator/output/4/src-platform/mac/figures/YdIqfZ6K4bf.java
			 O M mCW_R 6 1 /home/jeff/git/ForkingSimulator/resources/systems/java/JHotDraw54b1/CH/ifa/draw/figures/EllipseFigure.java;/home/jeff/git/ForkingSimulator/output/4/src-platform/mac/figures/EllipseFigure.java
7 V 5 /home/jeff/git/ForkingSimulator/resources/systems/java/JHotDraw54b1/CH/ifa/draw/contrib/zoom
	0 O 9 /home/jeff/git/ForkingSimulator/output/0/src-platform/mac/net/zoom
			 O M mRL_N 1 2 /home/jeff/git/ForkingSimulator/resources/systems/java/JHotDraw54b1/CH/ifa/draw/contrib/zoom/ZoomTool.java;/home/jeff/git/ForkingSimulator/output/0/src-platform/mac/net/zoom/ZoomTool.java
			 O M mRL_S 7 2 /home/jeff/git/ForkingSimulator/resources/systems/java/JHotDraw54b1/CH/ifa/draw/contrib/zoom/ZoomCommand.java;/home/jeff/git/ForkingSimulator/output/0/src-platform/mac/net/zoom/ZoomCommand.java
			 R M mSRI 33 2 /home/jeff/git/ForkingSimulator/resources/systems/java/JHotDraw54b1/CH/ifa/draw/contrib/zoom/ZoomDrawingView.java;/home/jeff/git/ForkingSimulator/output/0/src-platform/mac/net/zoom/vNpz9Wlc5LZAK5.java
			 R M mARI 7 2 /home/jeff/git/ForkingSimulator/resources/systems/java/JHotDraw54b1/CH/ifa/draw/contrib/zoom/ScalingGraphics.java;/home/jeff/git/ForkingSimulator/output/0/src-platform/mac/net/zoom/cwdWwTGxxm1SHr8.java
			 R M mDL 3 3 /home/jeff/git/ForkingSimulator/resources/systems/java/JHotDraw54b1/CH/ifa/draw/contrib/zoom/ZoomUpdateStrategy.java;/home/jeff/git/ForkingSimulator/output/0/src-platform/mac/net/zoom/Y9s7DYYc3T9.java
			 O O /home/jeff/git/ForkingSimulator/resources/systems/java/JHotDraw54b1/CH/ifa/draw/contrib/zoom/AreaTracker.java;/home/jeff/git/ForkingSimulator/output/0/src-platform/mac/net/zoom/AreaTracker.java
			 R M mCW_R 2 1 /home/jeff/git/ForkingSimulator/resources/systems/java/JHotDraw54b1/CH/ifa/draw/contrib/zoom/MiniMapZoomableView.java;/home/jeff/git/ForkingSimulator/output/0/src-platform/mac/net/zoom/79RUTTsWUGzb.java
			 R M mCF_R 2 1 /home/jeff/git/ForkingSimulator/resources/systems/java/JHotDraw54b1/CH/ifa/draw/contrib/zoom/ZoomAreaTracker.java;/home/jeff/git/ForkingSimulator/output/0/src-platform/mac/net/zoom/t3t9sfGSgSFb.java
			 O M mSDL 5 3 /home/jeff/git/ForkingSimulator/resources/systems/java/JHotDraw54b1/CH/ifa/draw/contrib/zoom/DoubleBufferImage.java;/home/jeff/git/ForkingSimulator/output/0/src-platform/mac/net/zoom/DoubleBufferImage.java
	1 O 9 /home/jeff/git/ForkingSimulator/output/1/src-platform/mac/net/zoom
			 O M mSIL 8 3 /home/jeff/git/ForkingSimulator/resources/systems/java/JHotDraw54b1/CH/ifa/draw/contrib/zoom/ZoomTool.java;/home/jeff/git/ForkingSimulator/output/1/src-platform/mac/net/zoom/ZoomTool.java
			 R M mCC_BT 8 1 /home/jeff/git/ForkingSimulator/resources/systems/java/JHotDraw54b1/CH/ifa/draw/contrib/zoom/ZoomCommand.java;/home/jeff/git/ForkingSimulator/output/1/src-platform/mac/net/zoom/gAIQ79fdMO.java
			 O M mCC_EOL 7 1 /home/jeff/git/ForkingSimulator/resources/systems/java/JHotDraw54b1/CH/ifa/draw/contrib/zoom/ZoomDrawingView.java;/home/jeff/git/ForkingSimulator/output/1/src-platform/mac/net/zoom/ZoomDrawingView.java
			 R O /home/jeff/git/ForkingSimulator/resources/systems/java/JHotDraw54b1/CH/ifa/draw/contrib/zoom/ScalingGraphics.java;/home/jeff/git/ForkingSimulator/output/1/src-platform/mac/net/zoom/BrkNR.java
			 R O /home/jeff/git/ForkingSimulator/resources/systems/java/JHotDraw54b1/CH/ifa/draw/contrib/zoom/ZoomUpdateStrategy.java;/home/jeff/git/ForkingSimulator/output/1/src-platform/mac/net/zoom/jL087D7iaMKRuG.java
			 R M mCF_A 7 1 /home/jeff/git/ForkingSimulator/resources/systems/java/JHotDraw54b1/CH/ifa/draw/contrib/zoom/AreaTracker.java;/home/jeff/git/ForkingSimulator/output/1/src-platform/mac/net/zoom/MO1Lv5NK9XW.java
			 O O /home/jeff/git/ForkingSimulator/resources/systems/java/JHotDraw54b1/CH/ifa/draw/contrib/zoom/MiniMapZoomableView.java;/home/jeff/git/ForkingSimulator/output/1/src-platform/mac/net/zoom/MiniMapZoomableView.java
			 R M mCF_R 2 1 /home/jeff/git/ForkingSimulator/resources/systems/java/JHotDraw54b1/CH/ifa/draw/contrib/zoom/ZoomAreaTracker.java;/home/jeff/git/ForkingSimulator/output/1/src-platform/mac/net/zoom/PzxRD0Seek.java
			 R M mCW_A 8 1 /home/jeff/git/ForkingSimulator/resources/systems/java/JHotDraw54b1/CH/ifa/draw/contrib/zoom/DoubleBufferImage.java;/home/jeff/git/ForkingSimulator/output/1/src-platform/mac/net/zoom/qv7AzI.java
	2 O 9 /home/jeff/git/ForkingSimulator/output/2/src-platform/mac/net/zoom
			 O M mCW_R 3 1 /home/jeff/git/ForkingSimulator/resources/systems/java/JHotDraw54b1/CH/ifa/draw/contrib/zoom/ZoomTool.java;/home/jeff/git/ForkingSimulator/output/2/src-platform/mac/net/zoom/ZoomTool.java
			 R M mRL_N 6 2 /home/jeff/git/ForkingSimulator/resources/systems/java/JHotDraw54b1/CH/ifa/draw/contrib/zoom/ZoomCommand.java;/home/jeff/git/ForkingSimulator/output/2/src-platform/mac/net/zoom/bzTcaV1pyhVTGR.java
			 R O /home/jeff/git/ForkingSimulator/resources/systems/java/JHotDraw54b1/CH/ifa/draw/contrib/zoom/ZoomDrawingView.java;/home/jeff/git/ForkingSimulator/output/2/src-platform/mac/net/zoom/6FMWCoWHR1.java
			 R O /home/jeff/git/ForkingSimulator/resources/systems/java/JHotDraw54b1/CH/ifa/draw/contrib/zoom/ScalingGraphics.java;/home/jeff/git/ForkingSimulator/output/2/src-platform/mac/net/zoom/Dgjgc7.java
			 O O /home/jeff/git/ForkingSimulator/resources/systems/java/JHotDraw54b1/CH/ifa/draw/contrib/zoom/ZoomUpdateStrategy.java;/home/jeff/git/ForkingSimulator/output/2/src-platform/mac/net/zoom/ZoomUpdateStrategy.java
			 R M mCF_A 5 1 /home/jeff/git/ForkingSimulator/resources/systems/java/JHotDraw54b1/CH/ifa/draw/contrib/zoom/AreaTracker.java;/home/jeff/git/ForkingSimulator/output/2/src-platform/mac/net/zoom/YiwwVxbOcFz.java
			 R O /home/jeff/git/ForkingSimulator/resources/systems/java/JHotDraw54b1/CH/ifa/draw/contrib/zoom/MiniMapZoomableView.java;/home/jeff/git/ForkingSimulator/output/2/src-platform/mac/net/zoom/Sl9rLwaBdp0aN.java
			 O O /home/jeff/git/ForkingSimulator/resources/systems/java/JHotDraw54b1/CH/ifa/draw/contrib/zoom/ZoomAreaTracker.java;/home/jeff/git/ForkingSimulator/output/2/src-platform/mac/net/zoom/ZoomAreaTracker.java
			 O M mSRI 1 2 /home/jeff/git/ForkingSimulator/resources/systems/java/JHotDraw54b1/CH/ifa/draw/contrib/zoom/DoubleBufferImage.java;/home/jeff/git/ForkingSimulator/output/2/src-platform/mac/net/zoom/DoubleBufferImage.java
	3 O 9 /home/jeff/git/ForkingSimulator/output/3/ext/rocksaw/zoom
			 O O /home/jeff/git/ForkingSimulator/resources/systems/java/JHotDraw54b1/CH/ifa/draw/contrib/zoom/ZoomTool.java;/home/jeff/git/ForkingSimulator/output/3/ext/rocksaw/zoom/ZoomTool.java
			 O O /home/jeff/git/ForkingSimulator/resources/systems/java/JHotDraw54b1/CH/ifa/draw/contrib/zoom/ZoomCommand.java;/home/jeff/git/ForkingSimulator/output/3/ext/rocksaw/zoom/ZoomCommand.java
			 R O /home/jeff/git/ForkingSimulator/resources/systems/java/JHotDraw54b1/CH/ifa/draw/contrib/zoom/ZoomDrawingView.java;/home/jeff/git/ForkingSimulator/output/3/ext/rocksaw/zoom/OpOXL4vz2yjLDf.java
			 O M mARI 4 2 /home/jeff/git/ForkingSimulator/resources/systems/java/JHotDraw54b1/CH/ifa/draw/contrib/zoom/ScalingGraphics.java;/home/jeff/git/ForkingSimulator/output/3/ext/rocksaw/zoom/ScalingGraphics.java
			 R M mDL 6 3 /home/jeff/git/ForkingSimulator/resources/systems/java/JHotDraw54b1/CH/ifa/draw/contrib/zoom/ZoomUpdateStrategy.java;/home/jeff/git/ForkingSimulator/output/3/ext/rocksaw/zoom/Ttl0T580YtC.java
			 O M mIL 4 3 /home/jeff/git/ForkingSimulator/resources/systems/java/JHotDraw54b1/CH/ifa/draw/contrib/zoom/AreaTracker.java;/home/jeff/git/ForkingSimulator/output/3/ext/rocksaw/zoom/AreaTracker.java
			 O O /home/jeff/git/ForkingSimulator/resources/systems/java/JHotDraw54b1/CH/ifa/draw/contrib/zoom/MiniMapZoomableView.java;/home/jeff/git/ForkingSimulator/output/3/ext/rocksaw/zoom/MiniMapZoomableView.java
			 R O /home/jeff/git/ForkingSimulator/resources/systems/java/JHotDraw54b1/CH/ifa/draw/contrib/zoom/ZoomAreaTracker.java;/home/jeff/git/ForkingSimulator/output/3/ext/rocksaw/zoom/usQHHc8.java
			 O M mML 1 3 /home/jeff/git/ForkingSimulator/resources/systems/java/JHotDraw54b1/CH/ifa/draw/contrib/zoom/DoubleBufferImage.java;/home/jeff/git/ForkingSimulator/output/3/ext/rocksaw/zoom/DoubleBufferImage.java
	4 R 9 /home/jeff/git/ForkingSimulator/output/4/test/net/azib/ipscan/util/yvMJX2nVqld
			 O O /home/jeff/git/ForkingSimulator/resources/systems/java/JHotDraw54b1/CH/ifa/draw/contrib/zoom/ZoomTool.java;/home/jeff/git/ForkingSimulator/output/4/test/net/azib/ipscan/util/yvMJX2nVqld/ZoomTool.java
			 O O /home/jeff/git/ForkingSimulator/resources/systems/java/JHotDraw54b1/CH/ifa/draw/contrib/zoom/ZoomCommand.java;/home/jeff/git/ForkingSimulator/output/4/test/net/azib/ipscan/util/yvMJX2nVqld/ZoomCommand.java
			 R O /home/jeff/git/ForkingSimulator/resources/systems/java/JHotDraw54b1/CH/ifa/draw/contrib/zoom/ZoomDrawingView.java;/home/jeff/git/ForkingSimulator/output/4/test/net/azib/ipscan/util/yvMJX2nVqld/mptv5Bs.java
			 O M mSDL 14 3 /home/jeff/git/ForkingSimulator/resources/systems/java/JHotDraw54b1/CH/ifa/draw/contrib/zoom/ScalingGraphics.java;/home/jeff/git/ForkingSimulator/output/4/test/net/azib/ipscan/util/yvMJX2nVqld/ScalingGraphics.java
			 R M mSIL 2 3 /home/jeff/git/ForkingSimulator/resources/systems/java/JHotDraw54b1/CH/ifa/draw/contrib/zoom/ZoomUpdateStrategy.java;/home/jeff/git/ForkingSimulator/output/4/test/net/azib/ipscan/util/yvMJX2nVqld/OWdZ5rV8On.java
			 O M mCC_BT 5 1 /home/jeff/git/ForkingSimulator/resources/systems/java/JHotDraw54b1/CH/ifa/draw/contrib/zoom/AreaTracker.java;/home/jeff/git/ForkingSimulator/output/4/test/net/azib/ipscan/util/yvMJX2nVqld/AreaTracker.java
			 O M mCC_EOL 4 1 /home/jeff/git/ForkingSimulator/resources/systems/java/JHotDraw54b1/CH/ifa/draw/contrib/zoom/MiniMapZoomableView.java;/home/jeff/git/ForkingSimulator/output/4/test/net/azib/ipscan/util/yvMJX2nVqld/MiniMapZoomableView.java
			 R O /home/jeff/git/ForkingSimulator/resources/systems/java/JHotDraw54b1/CH/ifa/draw/contrib/zoom/ZoomAreaTracker.java;/home/jeff/git/ForkingSimulator/output/4/test/net/azib/ipscan/util/yvMJX2nVqld/4b6L57FnP0TSx.java
			 R O /home/jeff/git/ForkingSimulator/resources/systems/java/JHotDraw54b1/CH/ifa/draw/contrib/zoom/DoubleBufferImage.java;/home/jeff/git/ForkingSimulator/output/4/test/net/azib/ipscan/util/yvMJX2nVqld/bATIHaZUD0.java
8 V 2 /home/jeff/git/ForkingSimulator/resources/systems/java/JHotDraw54b1/CH/ifa/draw/util/collections/jdk12
	1 O 1 /home/jeff/git/ForkingSimulator/output/1/src/net/azib/ipscan/feeders/jdk12
			 R O /home/jeff/git/ForkingSimulator/resources/systems/java/JHotDraw54b1/CH/ifa/draw/util/collections/jdk12/CollectionsFactoryJDK12.java;/home/jeff/git/ForkingSimulator/output/1/src/net/azib/ipscan/feeders/jdk12/aisS80VRPj.java
	4 R 1 /home/jeff/git/ForkingSimulator/output/4/src-platform/mac/net/azib/CtuF2JoO5fGM4wI
			 O O /home/jeff/git/ForkingSimulator/resources/systems/java/JHotDraw54b1/CH/ifa/draw/util/collections/jdk12/CollectionsFactoryJDK12.java;/home/jeff/git/ForkingSimulator/output/4/src-platform/mac/net/azib/CtuF2JoO5fGM4wI/CollectionsFactoryJDK12.java
9 V 5 /home/jeff/git/ForkingSimulator/resources/systems/java/JHotDraw54b1/CH/ifa/draw/util/collections/jdk11
	0 R 5 /home/jeff/git/ForkingSimulator/output/0/src-platform/0OCDUVDoET
			 R O /home/jeff/git/ForkingSimulator/resources/systems/java/JHotDraw54b1/CH/ifa/draw/util/collections/jdk11/SetWrapper.java;/home/jeff/git/ForkingSimulator/output/0/src-platform/0OCDUVDoET/1k8kZyXHKdbr3.java
			 O O /home/jeff/git/ForkingSimulator/resources/systems/java/JHotDraw54b1/CH/ifa/draw/util/collections/jdk11/CollectionsFactoryJDK11.java;/home/jeff/git/ForkingSimulator/output/0/src-platform/0OCDUVDoET/CollectionsFactoryJDK11.java
			 R M mCF_A 7 1 /home/jeff/git/ForkingSimulator/resources/systems/java/JHotDraw54b1/CH/ifa/draw/util/collections/jdk11/MapWrapper.java;/home/jeff/git/ForkingSimulator/output/0/src-platform/0OCDUVDoET/YktHSWYla6nOZB.java
			 R M mCF_R 2 1 /home/jeff/git/ForkingSimulator/resources/systems/java/JHotDraw54b1/CH/ifa/draw/util/collections/jdk11/IteratorWrapper.java;/home/jeff/git/ForkingSimulator/output/0/src-platform/0OCDUVDoET/JJeZ8X4.java
			 R O /home/jeff/git/ForkingSimulator/resources/systems/java/JHotDraw54b1/CH/ifa/draw/util/collections/jdk11/ListWrapper.java;/home/jeff/git/ForkingSimulator/output/0/src-platform/0OCDUVDoET/rG1343YEEg4v.java
	1 O 5 /home/jeff/git/ForkingSimulator/output/1/src/net/azib/ipscan/core/state/jdk11
			 O M mCW_A 1 1 /home/jeff/git/ForkingSimulator/resources/systems/java/JHotDraw54b1/CH/ifa/draw/util/collections/jdk11/SetWrapper.java;/home/jeff/git/ForkingSimulator/output/1/src/net/azib/ipscan/core/state/jdk11/SetWrapper.java
			 O O /home/jeff/git/ForkingSimulator/resources/systems/java/JHotDraw54b1/CH/ifa/draw/util/collections/jdk11/CollectionsFactoryJDK11.java;/home/jeff/git/ForkingSimulator/output/1/src/net/azib/ipscan/core/state/jdk11/CollectionsFactoryJDK11.java
			 O O /home/jeff/git/ForkingSimulator/resources/systems/java/JHotDraw54b1/CH/ifa/draw/util/collections/jdk11/MapWrapper.java;/home/jeff/git/ForkingSimulator/output/1/src/net/azib/ipscan/core/state/jdk11/MapWrapper.java
			 R M mCW_R 4 1 /home/jeff/git/ForkingSimulator/resources/systems/java/JHotDraw54b1/CH/ifa/draw/util/collections/jdk11/IteratorWrapper.java;/home/jeff/git/ForkingSimulator/output/1/src/net/azib/ipscan/core/state/jdk11/SJQMEgK9dth.java
			 R O /home/jeff/git/ForkingSimulator/resources/systems/java/JHotDraw54b1/CH/ifa/draw/util/collections/jdk11/ListWrapper.java;/home/jeff/git/ForkingSimulator/output/1/src/net/azib/ipscan/core/state/jdk11/COe1yGyydLIPQ.java
	2 O 5 /home/jeff/git/ForkingSimulator/output/2/ext/rocksaw/src/java/org/savarese/jdk11
			 O O /home/jeff/git/ForkingSimulator/resources/systems/java/JHotDraw54b1/CH/ifa/draw/util/collections/jdk11/SetWrapper.java;/home/jeff/git/ForkingSimulator/output/2/ext/rocksaw/src/java/org/savarese/jdk11/SetWrapper.java
			 R M mSRI 4 2 /home/jeff/git/ForkingSimulator/resources/systems/java/JHotDraw54b1/CH/ifa/draw/util/collections/jdk11/CollectionsFactoryJDK11.java;/home/jeff/git/ForkingSimulator/output/2/ext/rocksaw/src/java/org/savarese/jdk11/U3s8R.java
			 O O /home/jeff/git/ForkingSimulator/resources/systems/java/JHotDraw54b1/CH/ifa/draw/util/collections/jdk11/MapWrapper.java;/home/jeff/git/ForkingSimulator/output/2/ext/rocksaw/src/java/org/savarese/jdk11/MapWrapper.java
			 R O /home/jeff/git/ForkingSimulator/resources/systems/java/JHotDraw54b1/CH/ifa/draw/util/collections/jdk11/IteratorWrapper.java;/home/jeff/git/ForkingSimulator/output/2/ext/rocksaw/src/java/org/savarese/jdk11/akC1xV0MQP.java
			 R O /home/jeff/git/ForkingSimulator/resources/systems/java/JHotDraw54b1/CH/ifa/draw/util/collections/jdk11/ListWrapper.java;/home/jeff/git/ForkingSimulator/output/2/ext/rocksaw/src/java/org/savarese/jdk11/L9BqFpvVcMtCHzT.java
	3 O 5 /home/jeff/git/ForkingSimulator/output/3/test/net/azib/ipscan/gui/feeders/jdk11
			 O O /home/jeff/git/ForkingSimulator/resources/systems/java/JHotDraw54b1/CH/ifa/draw/util/collections/jdk11/SetWrapper.java;/home/jeff/git/ForkingSimulator/output/3/test/net/azib/ipscan/gui/feeders/jdk11/SetWrapper.java
			 O M mSRI 3 2 /home/jeff/git/ForkingSimulator/resources/systems/java/JHotDraw54b1/CH/ifa/draw/util/collections/jdk11/CollectionsFactoryJDK11.java;/home/jeff/git/ForkingSimulator/output/3/test/net/azib/ipscan/gui/feeders/jdk11/CollectionsFactoryJDK11.java
			 O O /home/jeff/git/ForkingSimulator/resources/systems/java/JHotDraw54b1/CH/ifa/draw/util/collections/jdk11/MapWrapper.java;/home/jeff/git/ForkingSimulator/output/3/test/net/azib/ipscan/gui/feeders/jdk11/MapWrapper.java
			 R M mSRI 4 2 /home/jeff/git/ForkingSimulator/resources/systems/java/JHotDraw54b1/CH/ifa/draw/util/collections/jdk11/IteratorWrapper.java;/home/jeff/git/ForkingSimulator/output/3/test/net/azib/ipscan/gui/feeders/jdk11/9LyLK4Zp.java
			 O M mARI 8 2 /home/jeff/git/ForkingSimulator/resources/systems/java/JHotDraw54b1/CH/ifa/draw/util/collections/jdk11/ListWrapper.java;/home/jeff/git/ForkingSimulator/output/3/test/net/azib/ipscan/gui/feeders/jdk11/ListWrapper.java
	4 R 5 /home/jeff/git/ForkingSimulator/output/4/test/net/azib/ipscan/core/plugins/ddb6g0S
			 R M mCF_A 7 1 /home/jeff/git/ForkingSimulator/resources/systems/java/JHotDraw54b1/CH/ifa/draw/util/collections/jdk11/SetWrapper.java;/home/jeff/git/ForkingSimulator/output/4/test/net/azib/ipscan/core/plugins/ddb6g0S/XTrRtis64m2JC.java
			 O O /home/jeff/git/ForkingSimulator/resources/systems/java/JHotDraw54b1/CH/ifa/draw/util/collections/jdk11/CollectionsFactoryJDK11.java;/home/jeff/git/ForkingSimulator/output/4/test/net/azib/ipscan/core/plugins/ddb6g0S/CollectionsFactoryJDK11.java
			 O M mCF_A 2 1 /home/jeff/git/ForkingSimulator/resources/systems/java/JHotDraw54b1/CH/ifa/draw/util/collections/jdk11/MapWrapper.java;/home/jeff/git/ForkingSimulator/output/4/test/net/azib/ipscan/core/plugins/ddb6g0S/MapWrapper.java
			 R M mCW_A 3 1 /home/jeff/git/ForkingSimulator/resources/systems/java/JHotDraw54b1/CH/ifa/draw/util/collections/jdk11/IteratorWrapper.java;/home/jeff/git/ForkingSimulator/output/4/test/net/azib/ipscan/core/plugins/ddb6g0S/kAp7kZDcrF.java
			 R O /home/jeff/git/ForkingSimulator/resources/systems/java/JHotDraw54b1/CH/ifa/draw/util/collections/jdk11/ListWrapper.java;/home/jeff/git/ForkingSimulator/output/4/test/net/azib/ipscan/core/plugins/ddb6g0S/C6Lc60xkQKr.java
10 V 2 /home/jeff/git/ForkingSimulator/resources/systems/java/JHotDraw54b1/CH/ifa/draw/framework
	1 R 25 /home/jeff/git/ForkingSimulator/output/1/test/net/azib/ipscan/core/26GhoTLr
			 O M mSDL 1 3 /home/jeff/git/ForkingSimulator/resources/systems/java/JHotDraw54b1/CH/ifa/draw/framework/JHotDrawException.java;/home/jeff/git/ForkingSimulator/output/1/test/net/azib/ipscan/core/26GhoTLr/JHotDrawException.java
			 R O /home/jeff/git/ForkingSimulator/resources/systems/java/JHotDraw54b1/CH/ifa/draw/framework/PointConstrainer.java;/home/jeff/git/ForkingSimulator/output/1/test/net/azib/ipscan/core/26GhoTLr/YEDlw9L.java
			 O M mARI 5 2 /home/jeff/git/ForkingSimulator/resources/systems/java/JHotDraw54b1/CH/ifa/draw/framework/Handle.java;/home/jeff/git/ForkingSimulator/output/1/test/net/azib/ipscan/core/26GhoTLr/Handle.java
			 R M mCC_BT 1 1 /home/jeff/git/ForkingSimulator/resources/systems/java/JHotDraw54b1/CH/ifa/draw/framework/ToolListener.java;/home/jeff/git/ForkingSimulator/output/1/test/net/azib/ipscan/core/26GhoTLr/4gPBZp71.java
			 R O /home/jeff/git/ForkingSimulator/resources/systems/java/JHotDraw54b1/CH/ifa/draw/framework/FigureEnumeration.java;/home/jeff/git/ForkingSimulator/output/1/test/net/azib/ipscan/core/26GhoTLr/c4KOqApbhaScz.java
			 O O /home/jeff/git/ForkingSimulator/resources/systems/java/JHotDraw54b1/CH/ifa/draw/framework/Painter.java;/home/jeff/git/ForkingSimulator/output/1/test/net/azib/ipscan/core/26GhoTLr/Painter.java
			 R M mCC_EOL 2 1 /home/jeff/git/ForkingSimulator/resources/systems/java/JHotDraw54b1/CH/ifa/draw/framework/FigureChangeListener.java;/home/jeff/git/ForkingSimulator/output/1/test/net/azib/ipscan/core/26GhoTLr/H6M3OSgsm.java
			 R O /home/jeff/git/ForkingSimulator/resources/systems/java/JHotDraw54b1/CH/ifa/draw/framework/DrawingChangeEvent.java;/home/jeff/git/ForkingSimulator/output/1/test/net/azib/ipscan/core/26GhoTLr/RxWoRPAHv2Di3.java
			 O O /home/jeff/git/ForkingSimulator/resources/systems/java/JHotDraw54b1/CH/ifa/draw/framework/FigureSelectionListener.java;/home/jeff/git/ForkingSimulator/output/1/test/net/azib/ipscan/core/26GhoTLr/FigureSelectionListener.java
			 O M mCF_A 2 1 /home/jeff/git/ForkingSimulator/resources/systems/java/JHotDraw54b1/CH/ifa/draw/framework/FigureSelection.java;/home/jeff/git/ForkingSimulator/output/1/test/net/azib/ipscan/core/26GhoTLr/FigureSelection.java
			 R M mCF_R 10 1 /home/jeff/git/ForkingSimulator/resources/systems/java/JHotDraw54b1/CH/ifa/draw/framework/Tool.java;/home/jeff/git/ForkingSimulator/output/1/test/net/azib/ipscan/core/26GhoTLr/J6Nt0A75fUS.java
			 O M mCW_A 20 1 /home/jeff/git/ForkingSimulator/resources/systems/java/JHotDraw54b1/CH/ifa/draw/framework/Figure.java;/home/jeff/git/ForkingSimulator/output/1/test/net/azib/ipscan/core/26GhoTLr/Figure.java
			 R M mCW_R 3 1 /home/jeff/git/ForkingSimulator/resources/systems/java/JHotDraw54b1/CH/ifa/draw/framework/ConnectionFigure.java;/home/jeff/git/ForkingSimulator/output/1/test/net/azib/ipscan/core/26GhoTLr/p0exx3Zj50.java
			 O M mCW_R 2 1 /home/jeff/git/ForkingSimulator/resources/systems/java/JHotDraw54b1/CH/ifa/draw/framework/DrawingEditor.java;/home/jeff/git/ForkingSimulator/output/1/test/net/azib/ipscan/core/26GhoTLr/DrawingEditor.java
			 O O /home/jeff/git/ForkingSimulator/resources/systems/java/JHotDraw54b1/CH/ifa/draw/framework/FigureVisitor.java;/home/jeff/git/ForkingSimulator/output/1/test/net/azib/ipscan/core/26GhoTLr/FigureVisitor.java
			 R O /home/jeff/git/ForkingSimulator/resources/systems/java/JHotDraw54b1/CH/ifa/draw/framework/Connector.java;/home/jeff/git/ForkingSimulator/output/1/test/net/azib/ipscan/core/26GhoTLr/ntzvwUfNM.java
			 O M mCW_A 3 1 /home/jeff/git/ForkingSimulator/resources/systems/java/JHotDraw54b1/CH/ifa/draw/framework/Locator.java;/home/jeff/git/ForkingSimulator/output/1/test/net/azib/ipscan/core/26GhoTLr/Locator.java
			 O O /home/jeff/git/ForkingSimulator/resources/systems/java/JHotDraw54b1/CH/ifa/draw/framework/DrawingView.java;/home/jeff/git/ForkingSimulator/output/1/test/net/azib/ipscan/core/26GhoTLr/DrawingView.java
			 O M mSRI 3 2 /home/jeff/git/ForkingSimulator/resources/systems/java/JHotDraw54b1/CH/ifa/draw/framework/JHotDrawRuntimeException.java;/home/jeff/git/ForkingSimulator/output/1/test/net/azib/ipscan/core/26GhoTLr/JHotDrawRuntimeException.java
			 R M mARI 29 2 /home/jeff/git/ForkingSimulator/resources/systems/java/JHotDraw54b1/CH/ifa/draw/framework/Drawing.java;/home/jeff/git/ForkingSimulator/output/1/test/net/azib/ipscan/core/26GhoTLr/Xtwrclj3XdjNZBf.java
			 R O /home/jeff/git/ForkingSimulator/resources/systems/java/JHotDraw54b1/CH/ifa/draw/framework/FigureAttributeConstant.java;/home/jeff/git/ForkingSimulator/output/1/test/net/azib/ipscan/core/26GhoTLr/GhjnE.java
			 R O /home/jeff/git/ForkingSimulator/resources/systems/java/JHotDraw54b1/CH/ifa/draw/framework/ViewChangeListener.java;/home/jeff/git/ForkingSimulator/output/1/test/net/azib/ipscan/core/26GhoTLr/2vODI4Hso6t.java
			 O M mCF_R 1 1 /home/jeff/git/ForkingSimulator/resources/systems/java/JHotDraw54b1/CH/ifa/draw/framework/DrawingChangeListener.java;/home/jeff/git/ForkingSimulator/output/1/test/net/azib/ipscan/core/26GhoTLr/DrawingChangeListener.java
			 R O /home/jeff/git/ForkingSimulator/resources/systems/java/JHotDraw54b1/CH/ifa/draw/framework/HandleEnumeration.java;/home/jeff/git/ForkingSimulator/output/1/test/net/azib/ipscan/core/26GhoTLr/Dw1TA.java
			 O M mIL 3 3 /home/jeff/git/ForkingSimulator/resources/systems/java/JHotDraw54b1/CH/ifa/draw/framework/FigureChangeEvent.java;/home/jeff/git/ForkingSimulator/output/1/test/net/azib/ipscan/core/26GhoTLr/FigureChangeEvent.java
	4 R 25 /home/jeff/git/ForkingSimulator/output/4/ext/rocksaw/src/java/org/Gn3hhplsNtlJ3
			 O M mML 4 3 /home/jeff/git/ForkingSimulator/resources/systems/java/JHotDraw54b1/CH/ifa/draw/framework/JHotDrawException.java;/home/jeff/git/ForkingSimulator/output/4/ext/rocksaw/src/java/org/Gn3hhplsNtlJ3/JHotDrawException.java
			 O O /home/jeff/git/ForkingSimulator/resources/systems/java/JHotDraw54b1/CH/ifa/draw/framework/PointConstrainer.java;/home/jeff/git/ForkingSimulator/output/4/ext/rocksaw/src/java/org/Gn3hhplsNtlJ3/PointConstrainer.java
			 O M mSDL 7 3 /home/jeff/git/ForkingSimulator/resources/systems/java/JHotDraw54b1/CH/ifa/draw/framework/Handle.java;/home/jeff/git/ForkingSimulator/output/4/ext/rocksaw/src/java/org/Gn3hhplsNtlJ3/Handle.java
			 R M mCC_EOL 1 1 /home/jeff/git/ForkingSimulator/resources/systems/java/JHotDraw54b1/CH/ifa/draw/framework/ToolListener.java;/home/jeff/git/ForkingSimulator/output/4/ext/rocksaw/src/java/org/Gn3hhplsNtlJ3/SK6F2559lBk8g4k.java
			 O O /home/jeff/git/ForkingSimulator/resources/systems/java/JHotDraw54b1/CH/ifa/draw/framework/FigureEnumeration.java;/home/jeff/git/ForkingSimulator/output/4/ext/rocksaw/src/java/org/Gn3hhplsNtlJ3/FigureEnumeration.java
			 R O /home/jeff/git/ForkingSimulator/resources/systems/java/JHotDraw54b1/CH/ifa/draw/framework/Painter.java;/home/jeff/git/ForkingSimulator/output/4/ext/rocksaw/src/java/org/Gn3hhplsNtlJ3/56ghACyNj.java
			 R O /home/jeff/git/ForkingSimulator/resources/systems/java/JHotDraw54b1/CH/ifa/draw/framework/FigureChangeListener.java;/home/jeff/git/ForkingSimulator/output/4/ext/rocksaw/src/java/org/Gn3hhplsNtlJ3/fZMlC0s.java
			 O O /home/jeff/git/ForkingSimulator/resources/systems/java/JHotDraw54b1/CH/ifa/draw/framework/DrawingChangeEvent.java;/home/jeff/git/ForkingSimulator/output/4/ext/rocksaw/src/java/org/Gn3hhplsNtlJ3/DrawingChangeEvent.java
			 R M mCC_BT 1 1 /home/jeff/git/ForkingSimulator/resources/systems/java/JHotDraw54b1/CH/ifa/draw/framework/FigureSelectionListener.java;/home/jeff/git/ForkingSimulator/output/4/ext/rocksaw/src/java/org/Gn3hhplsNtlJ3/bAxwkXJH1TF2RRb.java
			 R O /home/jeff/git/ForkingSimulator/resources/systems/java/JHotDraw54b1/CH/ifa/draw/framework/FigureSelection.java;/home/jeff/git/ForkingSimulator/output/4/ext/rocksaw/src/java/org/Gn3hhplsNtlJ3/npkdzOh.java
			 R O /home/jeff/git/ForkingSimulator/resources/systems/java/JHotDraw54b1/CH/ifa/draw/framework/Tool.java;/home/jeff/git/ForkingSimulator/output/4/ext/rocksaw/src/java/org/Gn3hhplsNtlJ3/WOegJM1.java
			 O O /home/jeff/git/ForkingSimulator/resources/systems/java/JHotDraw54b1/CH/ifa/draw/framework/Figure.java;/home/jeff/git/ForkingSimulator/output/4/ext/rocksaw/src/java/org/Gn3hhplsNtlJ3/Figure.java
			 O M mCC_EOL 8 1 /home/jeff/git/ForkingSimulator/resources/systems/java/JHotDraw54b1/CH/ifa/draw/framework/ConnectionFigure.java;/home/jeff/git/ForkingSimulator/output/4/ext/rocksaw/src/java/org/Gn3hhplsNtlJ3/ConnectionFigure.java
			 O O /home/jeff/git/ForkingSimulator/resources/systems/java/JHotDraw54b1/CH/ifa/draw/framework/DrawingEditor.java;/home/jeff/git/ForkingSimulator/output/4/ext/rocksaw/src/java/org/Gn3hhplsNtlJ3/DrawingEditor.java
			 R M mCF_A 2 1 /home/jeff/git/ForkingSimulator/resources/systems/java/JHotDraw54b1/CH/ifa/draw/framework/FigureVisitor.java;/home/jeff/git/ForkingSimulator/output/4/ext/rocksaw/src/java/org/Gn3hhplsNtlJ3/x1JtDc.java
			 R M mCF_R 2 1 /home/jeff/git/ForkingSimulator/resources/systems/java/JHotDraw54b1/CH/ifa/draw/framework/Connector.java;/home/jeff/git/ForkingSimulator/output/4/ext/rocksaw/src/java/org/Gn3hhplsNtlJ3/KgkMQ2LnP.java
			 R O /home/jeff/git/ForkingSimulator/resources/systems/java/JHotDraw54b1/CH/ifa/draw/framework/Locator.java;/home/jeff/git/ForkingSimulator/output/4/ext/rocksaw/src/java/org/Gn3hhplsNtlJ3/jt89mBlVk.java
			 O M mCW_A 4 1 /home/jeff/git/ForkingSimulator/resources/systems/java/JHotDraw54b1/CH/ifa/draw/framework/DrawingView.java;/home/jeff/git/ForkingSimulator/output/4/ext/rocksaw/src/java/org/Gn3hhplsNtlJ3/DrawingView.java
			 R M mCW_R 4 1 /home/jeff/git/ForkingSimulator/resources/systems/java/JHotDraw54b1/CH/ifa/draw/framework/JHotDrawRuntimeException.java;/home/jeff/git/ForkingSimulator/output/4/ext/rocksaw/src/java/org/Gn3hhplsNtlJ3/DjK0J7u.java
			 O M mCC_EOL 21 1 /home/jeff/git/ForkingSimulator/resources/systems/java/JHotDraw54b1/CH/ifa/draw/framework/Drawing.java;/home/jeff/git/ForkingSimulator/output/4/ext/rocksaw/src/java/org/Gn3hhplsNtlJ3/Drawing.java
			 O O /home/jeff/git/ForkingSimulator/resources/systems/java/JHotDraw54b1/CH/ifa/draw/framework/FigureAttributeConstant.java;/home/jeff/git/ForkingSimulator/output/4/ext/rocksaw/src/java/org/Gn3hhplsNtlJ3/FigureAttributeConstant.java
			 R M mCF_R 2 1 /home/jeff/git/ForkingSimulator/resources/systems/java/JHotDraw54b1/CH/ifa/draw/framework/ViewChangeListener.java;/home/jeff/git/ForkingSimulator/output/4/ext/rocksaw/src/java/org/Gn3hhplsNtlJ3/U98Oxh3VSg.java
			 R O /home/jeff/git/ForkingSimulator/resources/systems/java/JHotDraw54b1/CH/ifa/draw/framework/DrawingChangeListener.java;/home/jeff/git/ForkingSimulator/output/4/ext/rocksaw/src/java/org/Gn3hhplsNtlJ3/62phUX0K26W5.java
			 R O /home/jeff/git/ForkingSimulator/resources/systems/java/JHotDraw54b1/CH/ifa/draw/framework/HandleEnumeration.java;/home/jeff/git/ForkingSimulator/output/4/ext/rocksaw/src/java/org/Gn3hhplsNtlJ3/REMpNaNVR.java
			 O O /home/jeff/git/ForkingSimulator/resources/systems/java/JHotDraw54b1/CH/ifa/draw/framework/FigureChangeEvent.java;/home/jeff/git/ForkingSimulator/output/4/ext/rocksaw/src/java/org/Gn3hhplsNtlJ3/FigureChangeEvent.java
END: LeafDirectoryVariants
BEGIN: FunctionFragmentVariants
END: FunctionFragmentVariants
