Tue Jun 18 11:44:15 CST 2013
./txl/java-extract-files.x -s 400 ALL.java >> /home/jeff/git/ForkingSimulator/dataset/_files.xml

Tue Jun 18 11:48:12 CST 2013

Tue Jun 18 11:48:12 CST 2013
./tools/streamprocess.x './txl/java-rename-consistent-files.x stdin' < /home/jeff/git/ForkingSimulator/dataset/_files.xml > /home/jeff/git/ForkingSimulator/dataset/_files-consistent.xml

real	3m2.667s
user	2m50.644s
sys	0m8.612s

Tue Jun 18 11:51:14 CST 2013

Tue Jun 18 11:51:14 CST 2013
./tools/streamprocess.x './txl/java-abstract-files.x stdin - literal' < /home/jeff/git/ForkingSimulator/dataset/_files-consistent.xml > /home/jeff/git/ForkingSimulator/dataset/_files-consistent-abstract.xml

real	0m27.047s
user	0m22.196s
sys	0m4.184s

Tue Jun 18 11:51:42 CST 2013

Tue Jun 18 11:51:42 CST 2013
./tools/clonepairs.x /home/jeff/git/ForkingSimulator/dataset/_files-consistent-abstract.xml 0.30 1 10000 > /home/jeff/git/ForkingSimulator/dataset/_files-consistent-abstract-clones/_files-consistent-abstract-clones-0.30.xml
Processing /home/jeff/git/ForkingSimulator/dataset/_files-consistent-abstract.xml with difference threshold 30%, clone size 1 .. 10000 lines
Reading pcs .......... done.
Total 9588/7500000 potential clones of 1 lines or more
Used 789407/125000000 total pc lines
Used 5425664/750000000 unique line text chars
 and 110730/15000000 unique lines
Sorting pcs . done.
Finding clones ......... done.
Total 7579368 pc comparisons
Pruning embedded clone pairs ................................................. done.
Pruned 0 embedded clone pairs
Found 48614 clone pairs
Generating XML output ....................................................................................................................................................................................................................................................................................................................................................................................................................................................................................................... done.


real	1m12.613s
user	1m9.224s
sys	0m1.708s

Tue Jun 18 11:52:54 CST 2013

