Tue Jun 18 12:11:07 CST 2013
./txl/java-extract-functions.x -s 400 ALL.java >> /home/jeff/git/ForkingSimulator/dataset/_functions.xml

Tue Jun 18 12:15:28 CST 2013

Tue Jun 18 12:15:29 CST 2013
./tools/streamprocess.x './txl/java-rename-consistent-functions.x stdin' < /home/jeff/git/ForkingSimulator/dataset/_functions.xml > /home/jeff/git/ForkingSimulator/dataset/_functions-consistent.xml

real	0m56.655s
user	0m35.904s
sys	0m15.992s

Tue Jun 18 12:16:25 CST 2013

Tue Jun 18 12:16:25 CST 2013
./tools/streamprocess.x './txl/java-abstract-functions.x stdin - literal' < /home/jeff/git/ForkingSimulator/dataset/_functions-consistent.xml > /home/jeff/git/ForkingSimulator/dataset/_functions-consistent-abstract.xml

real	0m39.022s
user	0m21.912s
sys	0m13.324s

Tue Jun 18 12:17:04 CST 2013

Tue Jun 18 12:17:04 CST 2013
./tools/clonepairs.x /home/jeff/git/ForkingSimulator/dataset/_functions-consistent-abstract.xml 0.30 1 10000 > /home/jeff/git/ForkingSimulator/dataset/_functions-consistent-abstract-clones/_functions-consistent-abstract-clones-0.30.xml
Processing /home/jeff/git/ForkingSimulator/dataset/_functions-consistent-abstract.xml with difference threshold 30%, clone size 1 .. 10000 lines
Reading pcs ................................................................................. done.
Total 80005/7500000 potential clones of 1 lines or more
Used 644139/125000000 total pc lines
Used 15175975/750000000 unique line text chars
 and 127192/15000000 unique lines
Sorting pcs ....................................................................................................... done.
Finding clones ................................................................................ done.
Total 1063584222 pc comparisons
Pruning embedded clone pairs ....................................................................................................................................................................................